{"ts":1698310180199,"action":"PROJECT_OPENED","tags":{"PROJECT_NAME":"avatarex-site"}}
{"ts":1698310254800,"action":"IDE_DEACTIVATED"}
{"ts":1698310261514,"action":"IDE_ACTIVATED"}
{"ts":1698310265357,"action":"IDE_DEACTIVATED"}
{"ts":1698311369565,"action":"IDE_ACTIVATED"}
{"ts":1698311375770,"action":"IDE_DEACTIVATED"}
{"ts":1698311375771,"action":"IDE_ACTIVATED"}
{"ts":1698311379070,"action":"PROJECT_CLOSED","tags":{"PROJECT_NAME":"avatarex-site"}}
{"ts":1698317407021,"action":"PROJECT_OPENED","tags":{"PROJECT_NAME":"avatarex-site"}}
{"ts":1698317409712,"action":"IDE_DEACTIVATED"}
{"ts":1698317565602,"action":"IDE_ACTIVATED"}
{"ts":1698317569561,"action":"PROJECT_CLOSED","tags":{"PROJECT_NAME":"avatarex-site"}}
{"ts":1698331852400,"action":"PROJECT_OPENED","tags":{"PROJECT_NAME":"avatarex-site"}}
{"ts":1698331877136,"action":"IDE_DEACTIVATED"}
{"ts":1698331892383,"action":"IDE_ACTIVATED"}
{"ts":1698331892932,"action":"IDE_DEACTIVATED"}
{"ts":1698331898695,"action":"IDE_ACTIVATED"}
{"ts":1698331901356,"action":"IDE_DEACTIVATED"}
{"ts":1698331912877,"action":"IDE_ACTIVATED"}
{"ts":1698331913870,"action":"IDE_DEACTIVATED"}
{"ts":1698336089690,"action":"IDE_ACTIVATED"}
{"ts":1698336091652,"action":"IDE_DEACTIVATED"}
{"ts":1698336152879,"action":"IDE_ACTIVATED"}
{"ts":1698336153416,"action":"IDE_DEACTIVATED"}
{"ts":1698336212878,"action":"IDE_ACTIVATED"}
{"ts":1698336213541,"action":"IDE_DEACTIVATED"}
{"ts":1698336217497,"action":"IDE_ACTIVATED"}
{"ts":1698336218154,"action":"IDE_DEACTIVATED"}
{"ts":1698336592799,"action":"IDE_ACTIVATED"}
{"ts":1698336593500,"action":"IDE_DEACTIVATED"}
{"ts":1698336597553,"action":"IDE_ACTIVATED"}
{"ts":1698336598055,"action":"IDE_DEACTIVATED"}
{"ts":1698336614970,"action":"IDE_ACTIVATED"}
{"ts":1698336616428,"action":"IDE_DEACTIVATED"}
{"ts":1698336617229,"action":"IDE_ACTIVATED"}
{"ts":1698336617879,"action":"IDE_DEACTIVATED"}
{"ts":1698336625631,"action":"IDE_ACTIVATED"}
{"ts":1698336626289,"action":"IDE_DEACTIVATED"}
{"ts":1698336633749,"action":"IDE_ACTIVATED"}
{"ts":1698336634275,"action":"IDE_DEACTIVATED"}
{"ts":1698337119208,"action":"IDE_ACTIVATED"}
{"ts":1698337122839,"action":"PROJECT_CLOSED","tags":{"PROJECT_NAME":"avatarex-site"}}
{"ts":1698337700141,"action":"PROJECT_OPENED","tags":{"PROJECT_NAME":"avatarex-site"}}
{"ts":1698337727174,"action":"IDE_DEACTIVATED"}
{"ts":1698337765234,"action":"IDE_ACTIVATED"}
{"ts":1698337770229,"action":"FILE_OPENED","file":"/home/models.py","tags":{"FILE_LINE_OF_CODE":"67"}}
{"ts":1698337827559,"action":"IDE_DEACTIVATED"}
{"ts":1698339056295,"action":"IDE_ACTIVATED"}
{"ts":1698339056321,"action":"IDE_DEACTIVATED"}
{"ts":1698339098073,"action":"IDE_ACTIVATED"}
{"ts":1698339111489,"action":"IDE_DEACTIVATED"}
{"ts":1698339129779,"action":"IDE_ACTIVATED"}
{"ts":1698339137935,"action":"IDE_DEACTIVATED"}
{"ts":1698339189591,"action":"IDE_ACTIVATED"}
{"ts":1698339194865,"action":"IDE_DEACTIVATED"}
{"ts":1698339278290,"action":"IDE_ACTIVATED"}
{"ts":1698339286911,"action":"FILE_CLOSED","file":"/home/models.py","tags":{"FILE_LINE_OF_CODE":"67"}}
{"ts":1698339286911,"action":"FILE_OPENED","file":"/templates/home/default_mode.html","tags":{"FILE_LINE_OF_CODE":"70"}}
{"ts":1698339301506,"action":"FILE_CLOSED","file":"/templates/home/default_mode.html","tags":{"FILE_LINE_OF_CODE":"70"}}
{"ts":1698339301511,"action":"FILE_OPENED","file":"/home/models.py","tags":{"FILE_LINE_OF_CODE":"67"}}
{"ts":1698339301807,"action":"IDE_DEACTIVATED"}
{"ts":1698339306157,"action":"IDE_ACTIVATED"}
{"ts":1698339307749,"action":"FILE_CLOSED","file":"/home/models.py","tags":{"FILE_LINE_OF_CODE":"67"}}
{"ts":1698339307749,"action":"FILE_OPENED","file":"/templates/home/new_db_mode.html","tags":{"FILE_LINE_OF_CODE":"177"}}
{"ts":1698339319420,"action":"IDE_DEACTIVATED"}
{"ts":1698339381505,"action":"IDE_ACTIVATED"}
{"ts":1698339382180,"action":"IDE_DEACTIVATED"}
{"ts":1698339384871,"action":"IDE_ACTIVATED"}
{"ts":1698339385476,"action":"IDE_DEACTIVATED"}
{"ts":1698339388971,"action":"IDE_ACTIVATED"}
{"ts":1698339389705,"action":"IDE_DEACTIVATED"}
{"ts":1698339390342,"action":"IDE_ACTIVATED"}
{"ts":1698339390915,"action":"IDE_DEACTIVATED"}
{"ts":1698339391692,"action":"IDE_ACTIVATED"}
{"ts":1698339392355,"action":"IDE_DEACTIVATED"}
{"ts":1698339405236,"action":"IDE_ACTIVATED"}
{"ts":1698339407219,"action":"IDE_DEACTIVATED"}
{"ts":1698339412408,"action":"IDE_ACTIVATED"}
{"ts":1698339421110,"action":"IDE_DEACTIVATED"}
{"ts":1698339475792,"action":"IDE_ACTIVATED"}
{"ts":1698339478168,"action":"IDE_DEACTIVATED"}
{"ts":1698339480150,"action":"IDE_ACTIVATED"}
{"ts":1698339485027,"action":"IDE_DEACTIVATED"}
{"ts":1698339486631,"action":"IDE_ACTIVATED"}
{"ts":1698339487137,"action":"IDE_DEACTIVATED"}
{"ts":1698339488786,"action":"IDE_ACTIVATED"}
{"ts":1698339493615,"action":"IDE_DEACTIVATED"}
{"ts":1698339494785,"action":"IDE_ACTIVATED"}
{"ts":1698339495184,"action":"IDE_DEACTIVATED"}
{"ts":1698339518102,"action":"IDE_ACTIVATED"}
{"ts":1698339540294,"action":"IDE_DEACTIVATED"}
{"ts":1698339540907,"action":"IDE_ACTIVATED"}
{"ts":1698339543383,"action":"IDE_DEACTIVATED"}
{"ts":1698339543892,"action":"IDE_ACTIVATED"}
{"ts":1698339544249,"action":"IDE_DEACTIVATED"}
{"ts":1698339571864,"action":"IDE_ACTIVATED"}
{"ts":1698339610323,"action":"IDE_DEACTIVATED"}
{"ts":1698339617019,"action":"IDE_ACTIVATED"}
{"ts":1698339646174,"action":"IDE_DEACTIVATED"}
{"ts":1698339675162,"action":"IDE_ACTIVATED"}
{"ts":1698339705239,"action":"FILE_CLOSED","file":"/templates/home/new_db_mode.html","tags":{"FILE_LINE_OF_CODE":"177"}}
{"ts":1698339705239,"action":"FILE_OPENED","file":"/home/api.py","tags":{"FILE_LINE_OF_CODE":"0"}}
{"ts":1698339708529,"action":"FILE_CLOSED","file":"/home/api.py","tags":{"FILE_LINE_OF_CODE":"0"}}
{"ts":1698339708529,"action":"FILE_OPENED","file":"/home/urls.py","tags":{"FILE_LINE_OF_CODE":"26"}}
{"ts":1698339727785,"action":"IDE_DEACTIVATED"}
{"ts":1698339735639,"action":"IDE_ACTIVATED"}
{"ts":1698339740506,"action":"IDE_DEACTIVATED"}
{"ts":1698339740990,"action":"IDE_ACTIVATED"}
{"ts":1698339780254,"action":"IDE_DEACTIVATED"}
{"ts":1698339780875,"action":"IDE_ACTIVATED"}
{"ts":1698339782057,"action":"IDE_DEACTIVATED"}
{"ts":1698339784951,"action":"IDE_ACTIVATED"}
{"ts":1698339800603,"action":"IDE_DEACTIVATED"}
{"ts":1698339802725,"action":"IDE_ACTIVATED"}
{"ts":1698339822064,"action":"IDE_DEACTIVATED"}
{"ts":1698339824319,"action":"IDE_ACTIVATED"}
{"ts":1698339841687,"action":"IDE_DEACTIVATED"}
{"ts":1698339850169,"action":"IDE_ACTIVATED"}
{"ts":1698339851499,"action":"IDE_DEACTIVATED"}
{"ts":1698339861929,"action":"IDE_ACTIVATED"}
{"ts":1698339868161,"action":"IDE_DEACTIVATED"}
{"ts":1698339874962,"action":"IDE_ACTIVATED"}
{"ts":1698339878784,"action":"IDE_DEACTIVATED"}
{"ts":1698339888266,"action":"IDE_ACTIVATED"}
{"ts":1698339976582,"action":"IDE_DEACTIVATED"}
{"ts":1698339980793,"action":"IDE_ACTIVATED"}
{"ts":1698340001135,"action":"IDE_DEACTIVATED"}
{"ts":1698340003320,"action":"IDE_ACTIVATED"}
{"ts":1698340041028,"action":"IDE_DEACTIVATED"}
{"ts":1698340043502,"action":"IDE_ACTIVATED"}
{"ts":1698340049021,"action":"IDE_DEACTIVATED"}
{"ts":1698340049681,"action":"IDE_ACTIVATED"}
{"ts":1698340050093,"action":"IDE_DEACTIVATED"}
{"ts":1698340051041,"action":"IDE_ACTIVATED"}
{"ts":1698340064962,"action":"IDE_DEACTIVATED"}
{"ts":1698340069396,"action":"IDE_ACTIVATED"}
{"ts":1698340074651,"action":"IDE_DEACTIVATED"}
{"ts":1698340077551,"action":"IDE_ACTIVATED"}
{"ts":1698340081665,"action":"IDE_DEACTIVATED"}
{"ts":1698340083689,"action":"IDE_ACTIVATED"}
{"ts":1698340086932,"action":"IDE_DEACTIVATED"}
{"ts":1698340088976,"action":"IDE_ACTIVATED"}
{"ts":1698340092726,"action":"IDE_DEACTIVATED"}
{"ts":1698340095043,"action":"IDE_ACTIVATED"}
{"ts":1698340128585,"action":"IDE_DEACTIVATED"}
{"ts":1698340132778,"action":"IDE_ACTIVATED"}
{"ts":1698340133751,"action":"IDE_DEACTIVATED"}
{"ts":1698340136337,"action":"IDE_ACTIVATED"}
{"ts":1698340152028,"action":"IDE_DEACTIVATED"}
{"ts":1698340153778,"action":"IDE_ACTIVATED"}
{"ts":1698340156642,"action":"IDE_DEACTIVATED"}
{"ts":1698340159140,"action":"IDE_ACTIVATED"}
{"ts":1698340416599,"action":"FILE_CLOSED","file":"/home/urls.py","tags":{"FILE_LINE_OF_CODE":"43"}}
{"ts":1698340416599,"action":"FILE_OPENED","file":"/home/api.py","tags":{"FILE_LINE_OF_CODE":"0"}}
{"ts":1698340425599,"action":"FILE_CLOSED","file":"/home/api.py","tags":{"FILE_LINE_OF_CODE":"7"}}
{"ts":1698340425599,"action":"FILE_OPENED","file":"/home/views.py","tags":{"FILE_LINE_OF_CODE":"414"}}
{"ts":1698340427186,"action":"FILE_CLOSED","file":"/home/views.py","tags":{"FILE_LINE_OF_CODE":"414"}}
{"ts":1698340427186,"action":"FILE_OPENED","file":"/home/urls.py","tags":{"FILE_LINE_OF_CODE":"43"}}
{"ts":1698340431004,"action":"FILE_CLOSED","file":"/home/urls.py","tags":{"FILE_LINE_OF_CODE":"43"}}
{"ts":1698340431004,"action":"FILE_OPENED","file":"/home/api.py","tags":{"FILE_LINE_OF_CODE":"7"}}
{"ts":1698340439106,"action":"FILE_CLOSED","file":"/home/api.py","tags":{"FILE_LINE_OF_CODE":"7"}}
{"ts":1698340439106,"action":"FILE_OPENED","file":"/home/views.py","tags":{"FILE_LINE_OF_CODE":"414"}}
{"ts":1698340440796,"action":"FILE_CLOSED","file":"/home/views.py","tags":{"FILE_LINE_OF_CODE":"414"}}
{"ts":1698340440796,"action":"FILE_OPENED","file":"/home/api.py","tags":{"FILE_LINE_OF_CODE":"7"}}
{"ts":1698340473054,"action":"FILE_CLOSED","file":"/home/api.py","tags":{"FILE_LINE_OF_CODE":"10"}}
{"ts":1698340473054,"action":"FILE_OPENED","file":"/home/views.py","tags":{"FILE_LINE_OF_CODE":"414"}}
{"ts":1698340474386,"action":"FILE_CLOSED","file":"/home/views.py","tags":{"FILE_LINE_OF_CODE":"414"}}
{"ts":1698340474386,"action":"FILE_OPENED","file":"/home/models.py","tags":{"FILE_LINE_OF_CODE":"67"}}
{"ts":1698340475721,"action":"FILE_CLOSED","file":"/home/models.py","tags":{"FILE_LINE_OF_CODE":"67"}}
{"ts":1698340475721,"action":"FILE_OPENED","file":"/home/urls.py","tags":{"FILE_LINE_OF_CODE":"43"}}
{"ts":1698340478007,"action":"FILE_CLOSED","file":"/home/urls.py","tags":{"FILE_LINE_OF_CODE":"43"}}
{"ts":1698340478007,"action":"FILE_OPENED","file":"/home/api.py","tags":{"FILE_LINE_OF_CODE":"10"}}
{"ts":1698340486629,"action":"FILE_CLOSED","file":"/home/api.py","tags":{"FILE_LINE_OF_CODE":"15"}}
{"ts":1698340486629,"action":"FILE_OPENED","file":"/home/urls.py","tags":{"FILE_LINE_OF_CODE":"43"}}
{"ts":1698340488490,"action":"FILE_CLOSED","file":"/home/urls.py","tags":{"FILE_LINE_OF_CODE":"43"}}
{"ts":1698340488490,"action":"FILE_OPENED","file":"/home/api.py","tags":{"FILE_LINE_OF_CODE":"15"}}
{"ts":1698340496702,"action":"FILE_CLOSED","file":"/home/api.py","tags":{"FILE_LINE_OF_CODE":"20"}}
{"ts":1698340496702,"action":"FILE_OPENED","file":"/home/views.py","tags":{"FILE_LINE_OF_CODE":"414"}}
{"ts":1698340499782,"action":"FILE_CLOSED","file":"/home/views.py","tags":{"FILE_LINE_OF_CODE":"414"}}
{"ts":1698340499782,"action":"FILE_OPENED","file":"/home/api.py","tags":{"FILE_LINE_OF_CODE":"20"}}
{"ts":1698340501304,"action":"FILE_CLOSED","file":"/home/api.py","tags":{"FILE_LINE_OF_CODE":"20"}}
{"ts":1698340501304,"action":"FILE_OPENED","file":"/home/views.py","tags":{"FILE_LINE_OF_CODE":"414"}}
{"ts":1698340502697,"action":"FILE_CLOSED","file":"/home/views.py","tags":{"FILE_LINE_OF_CODE":"414"}}
{"ts":1698340502700,"action":"FILE_OPENED","file":"/home/api.py","tags":{"FILE_LINE_OF_CODE":"20"}}
{"ts":1698340503136,"action":"FILE_CLOSED","file":"/home/api.py","tags":{"FILE_LINE_OF_CODE":"20"}}
{"ts":1698340503136,"action":"FILE_OPENED","file":"/home/urls.py","tags":{"FILE_LINE_OF_CODE":"43"}}
{"ts":1698340505699,"action":"FILE_CLOSED","file":"/home/urls.py","tags":{"FILE_LINE_OF_CODE":"43"}}
{"ts":1698340505699,"action":"FILE_OPENED","file":"/home/api.py","tags":{"FILE_LINE_OF_CODE":"20"}}
{"ts":1698340514917,"action":"FILE_CLOSED","file":"/home/api.py","tags":{"FILE_LINE_OF_CODE":"27"}}
{"ts":1698340514917,"action":"FILE_OPENED","file":"/home/urls.py","tags":{"FILE_LINE_OF_CODE":"43"}}
{"ts":1698340517374,"action":"FILE_CLOSED","file":"/home/urls.py","tags":{"FILE_LINE_OF_CODE":"43"}}
{"ts":1698340517374,"action":"FILE_OPENED","file":"/home/api.py","tags":{"FILE_LINE_OF_CODE":"27"}}
{"ts":1698340526776,"action":"FILE_CLOSED","file":"/home/api.py","tags":{"FILE_LINE_OF_CODE":"32"}}
{"ts":1698340526776,"action":"FILE_OPENED","file":"/home/urls.py","tags":{"FILE_LINE_OF_CODE":"43"}}
{"ts":1698340529056,"action":"FILE_CLOSED","file":"/home/urls.py","tags":{"FILE_LINE_OF_CODE":"43"}}
{"ts":1698340529056,"action":"FILE_OPENED","file":"/home/api.py","tags":{"FILE_LINE_OF_CODE":"32"}}
{"ts":1698340536611,"action":"FILE_CLOSED","file":"/home/api.py","tags":{"FILE_LINE_OF_CODE":"36"}}
{"ts":1698340536611,"action":"FILE_OPENED","file":"/home/urls.py","tags":{"FILE_LINE_OF_CODE":"43"}}
{"ts":1698340539570,"action":"FILE_CLOSED","file":"/home/urls.py","tags":{"FILE_LINE_OF_CODE":"43"}}
{"ts":1698340539570,"action":"FILE_OPENED","file":"/home/api.py","tags":{"FILE_LINE_OF_CODE":"36"}}
{"ts":1698340546076,"action":"FILE_CLOSED","file":"/home/api.py","tags":{"FILE_LINE_OF_CODE":"40"}}
{"ts":1698340546076,"action":"FILE_OPENED","file":"/home/urls.py","tags":{"FILE_LINE_OF_CODE":"43"}}
{"ts":1698340552377,"action":"FILE_CLOSED","file":"/home/urls.py","tags":{"FILE_LINE_OF_CODE":"43"}}
{"ts":1698340552377,"action":"FILE_OPENED","file":"/home/api.py","tags":{"FILE_LINE_OF_CODE":"40"}}
{"ts":1698340593324,"action":"FILE_CLOSED","file":"/home/api.py","tags":{"FILE_LINE_OF_CODE":"44"}}
{"ts":1698340593324,"action":"FILE_OPENED","file":"/home/urls.py","tags":{"FILE_LINE_OF_CODE":"43"}}
{"ts":1698340596286,"action":"FILE_CLOSED","file":"/home/urls.py","tags":{"FILE_LINE_OF_CODE":"43"}}
{"ts":1698340596286,"action":"FILE_OPENED","file":"/home/api.py","tags":{"FILE_LINE_OF_CODE":"44"}}
{"ts":1698340602395,"action":"IDE_DEACTIVATED"}
{"ts":1698340637289,"action":"IDE_ACTIVATED"}
{"ts":1698340639744,"action":"FILE_CLOSED","file":"/home/api.py","tags":{"FILE_LINE_OF_CODE":"45"}}
{"ts":1698340639744,"action":"FILE_OPENED","file":"/home/urls.py","tags":{"FILE_LINE_OF_CODE":"43"}}
{"ts":1698340642154,"action":"FILE_CLOSED","file":"/home/urls.py","tags":{"FILE_LINE_OF_CODE":"43"}}
{"ts":1698340642154,"action":"FILE_OPENED","file":"/home/api.py","tags":{"FILE_LINE_OF_CODE":"45"}}
{"ts":1698340648506,"action":"FILE_CLOSED","file":"/home/api.py","tags":{"FILE_LINE_OF_CODE":"51"}}
{"ts":1698340648506,"action":"FILE_OPENED","file":"/home/urls.py","tags":{"FILE_LINE_OF_CODE":"43"}}
{"ts":1698340649936,"action":"FILE_CLOSED","file":"/home/urls.py","tags":{"FILE_LINE_OF_CODE":"43"}}
{"ts":1698340649936,"action":"FILE_OPENED","file":"/home/api.py","tags":{"FILE_LINE_OF_CODE":"51"}}
{"ts":1698340656514,"action":"FILE_CLOSED","file":"/home/api.py","tags":{"FILE_LINE_OF_CODE":"55"}}
{"ts":1698340656514,"action":"FILE_OPENED","file":"/home/urls.py","tags":{"FILE_LINE_OF_CODE":"43"}}
{"ts":1698340658425,"action":"FILE_CLOSED","file":"/home/urls.py","tags":{"FILE_LINE_OF_CODE":"43"}}
{"ts":1698340658425,"action":"FILE_OPENED","file":"/home/api.py","tags":{"FILE_LINE_OF_CODE":"55"}}
{"ts":1698340700397,"action":"IDE_DEACTIVATED"}
{"ts":1698340704249,"action":"IDE_ACTIVATED"}
{"ts":1698340706988,"action":"FILE_CLOSED","file":"/home/api.py","tags":{"FILE_LINE_OF_CODE":"56"}}
{"ts":1698340712656,"action":"IDE_DEACTIVATED"}
{"ts":1698340863096,"action":"IDE_ACTIVATED"}
{"ts":1698340865753,"action":"FILE_OPENED","file":"/templates/home/new_db_mode.html","tags":{"FILE_LINE_OF_CODE":"177"}}
{"ts":1698340869225,"action":"FILE_CLOSED","file":"/templates/home/new_db_mode.html","tags":{"FILE_LINE_OF_CODE":"177"}}
{"ts":1698340869225,"action":"FILE_OPENED","file":"/home/api.py","tags":{"FILE_LINE_OF_CODE":"56"}}
{"ts":1698340911251,"action":"IDE_DEACTIVATED"}
{"ts":1698340974646,"action":"IDE_ACTIVATED"}
{"ts":1698340981377,"action":"FILE_CLOSED","file":"/home/api.py","tags":{"FILE_LINE_OF_CODE":"62"}}
{"ts":1698340981378,"action":"FILE_OPENED","file":"/.env","tags":{"FILE_LINE_OF_CODE":"6"}}
{"ts":1698340983619,"action":"IDE_DEACTIVATED"}
{"ts":1698341058142,"action":"IDE_ACTIVATED"}
{"ts":1698341063767,"action":"IDE_DEACTIVATED"}
{"ts":1698341134916,"action":"IDE_ACTIVATED"}
{"ts":1698341147145,"action":"FILE_CLOSED","file":"/.env","tags":{"FILE_LINE_OF_CODE":"6"}}
{"ts":1698341147145,"action":"FILE_OPENED","file":"/templates/home/home.html","tags":{"FILE_LINE_OF_CODE":"184"}}
{"ts":1698341169000,"action":"IDE_DEACTIVATED"}
{"ts":1698341194214,"action":"IDE_ACTIVATED"}
{"ts":1698341204519,"action":"IDE_DEACTIVATED"}
{"ts":1698341219064,"action":"IDE_ACTIVATED"}
{"ts":1698341261792,"action":"IDE_DEACTIVATED"}
{"ts":1698341529373,"action":"IDE_ACTIVATED"}
{"ts":1698341531149,"action":"FILE_CLOSED","file":"/templates/home/home.html","tags":{"FILE_LINE_OF_CODE":"184"}}
{"ts":1698341531149,"action":"FILE_OPENED","file":"/home/api.py","tags":{"FILE_LINE_OF_CODE":"62"}}
{"ts":1698341535606,"action":"IDE_DEACTIVATED"}
{"ts":1698341538938,"action":"IDE_ACTIVATED"}
{"ts":1698341546225,"action":"FILE_CLOSED","file":"/home/api.py","tags":{"FILE_LINE_OF_CODE":"62"}}
{"ts":1698341546225,"action":"FILE_OPENED","file":"/home/models.py","tags":{"FILE_LINE_OF_CODE":"67"}}
{"ts":1698341546631,"action":"FILE_CLOSED","file":"/home/models.py","tags":{"FILE_LINE_OF_CODE":"67"}}
{"ts":1698341546634,"action":"FILE_OPENED","file":"/home/api.py","tags":{"FILE_LINE_OF_CODE":"62"}}
{"ts":1698341550858,"action":"IDE_DEACTIVATED"}
{"ts":1698341573668,"action":"IDE_ACTIVATED"}
{"ts":1698341588021,"action":"FILE_CLOSED","file":"/home/api.py","tags":{"FILE_LINE_OF_CODE":"62"}}
{"ts":1698341588021,"action":"FILE_OPENED","file":"/home/models.py","tags":{"FILE_LINE_OF_CODE":"67"}}
{"ts":1698341593635,"action":"FILE_CLOSED","file":"/home/models.py","tags":{"FILE_LINE_OF_CODE":"67"}}
{"ts":1698341593635,"action":"FILE_OPENED","file":"/home/api.py","tags":{"FILE_LINE_OF_CODE":"62"}}
{"ts":1698341595444,"action":"FILE_CLOSED","file":"/home/api.py","tags":{"FILE_LINE_OF_CODE":"62"}}
{"ts":1698341595444,"action":"FILE_OPENED","file":"/home/models.py","tags":{"FILE_LINE_OF_CODE":"67"}}
{"ts":1698341596827,"action":"IDE_DEACTIVATED"}
{"ts":1698341602955,"action":"IDE_ACTIVATED"}
{"ts":1698341603006,"action":"FILE_CLOSED","file":"/home/models.py","tags":{"FILE_LINE_OF_CODE":"67"}}
{"ts":1698341603006,"action":"FILE_OPENED","file":"/home/api.py","tags":{"FILE_LINE_OF_CODE":"62"}}
{"ts":1698341614411,"action":"FILE_CLOSED","file":"/home/api.py","tags":{"FILE_LINE_OF_CODE":"62"}}
{"ts":1698341614411,"action":"FILE_OPENED","file":"/home/models.py","tags":{"FILE_LINE_OF_CODE":"67"}}
{"ts":1698341733355,"action":"FILE_CLOSED","file":"/home/models.py","tags":{"FILE_LINE_OF_CODE":"83"}}
{"ts":1698341735818,"action":"FILE_OPENED","file":"/home/models.py","tags":{"FILE_LINE_OF_CODE":"83"}}
{"ts":1698341743209,"action":"FILE_CLOSED","file":"/home/models.py","tags":{"FILE_LINE_OF_CODE":"83"}}
{"ts":1698341745998,"action":"FILE_OPENED","file":"/home/models.py","tags":{"FILE_LINE_OF_CODE":"83"}}
{"ts":1698341955712,"action":"IDE_DEACTIVATED"}
{"ts":1698341971678,"action":"IDE_ACTIVATED"}
{"ts":1698342020578,"action":"IDE_DEACTIVATED"}
{"ts":1698342092260,"action":"IDE_ACTIVATED"}
{"ts":1698342092313,"action":"FILE_CLOSED","file":"/home/models.py","tags":{"FILE_LINE_OF_CODE":"84"}}
{"ts":1698342092313,"action":"FILE_OPENED","file":"/home/api.py","tags":{"FILE_LINE_OF_CODE":"62"}}
{"ts":1698342095887,"action":"FILE_CLOSED","file":"/home/api.py","tags":{"FILE_LINE_OF_CODE":"62"}}
{"ts":1698342095889,"action":"FILE_OPENED","file":"/home/models.py","tags":{"FILE_LINE_OF_CODE":"84"}}
{"ts":1698342102079,"action":"IDE_DEACTIVATED"}
{"ts":1698342103811,"action":"IDE_ACTIVATED"}
{"ts":1698342181355,"action":"IDE_DEACTIVATED"}
{"ts":1698342358594,"action":"IDE_ACTIVATED"}
{"ts":1698342388063,"action":"IDE_DEACTIVATED"}
{"ts":1698342389585,"action":"IDE_ACTIVATED"}
{"ts":1698342396097,"action":"IDE_DEACTIVATED"}
{"ts":1698342396098,"action":"IDE_ACTIVATED"}
{"ts":1698342396148,"action":"IDE_DEACTIVATED"}
{"ts":1698342396148,"action":"IDE_ACTIVATED"}
{"ts":1698342398710,"action":"IDE_DEACTIVATED"}
{"ts":1698342400605,"action":"IDE_ACTIVATED"}
{"ts":1698342401745,"action":"IDE_DEACTIVATED"}
{"ts":1698342401745,"action":"IDE_ACTIVATED"}
{"ts":1698342408562,"action":"IDE_DEACTIVATED"}
{"ts":1698342410712,"action":"IDE_ACTIVATED"}
{"ts":1698342414153,"action":"IDE_DEACTIVATED"}
{"ts":1698342416110,"action":"IDE_ACTIVATED"}
{"ts":1698342421125,"action":"IDE_DEACTIVATED"}
{"ts":1698342421126,"action":"IDE_ACTIVATED"}
{"ts":1698342454032,"action":"IDE_DEACTIVATED"}
{"ts":1698342455085,"action":"IDE_ACTIVATED"}
{"ts":1698342455734,"action":"IDE_DEACTIVATED"}
{"ts":1698342458690,"action":"IDE_ACTIVATED"}
{"ts":1698342459565,"action":"IDE_DEACTIVATED"}
{"ts":1698342460738,"action":"IDE_ACTIVATED"}
{"ts":1698342487247,"action":"IDE_DEACTIVATED"}
{"ts":1698342487830,"action":"IDE_ACTIVATED"}
{"ts":1698342502779,"action":"IDE_DEACTIVATED"}
{"ts":1698342503522,"action":"IDE_ACTIVATED"}
{"ts":1698342504094,"action":"IDE_DEACTIVATED"}
{"ts":1698342504836,"action":"IDE_ACTIVATED"}
{"ts":1698342575788,"action":"IDE_DEACTIVATED"}
{"ts":1698342577592,"action":"IDE_ACTIVATED"}
{"ts":1698342580243,"action":"IDE_DEACTIVATED"}
{"ts":1698342581575,"action":"IDE_ACTIVATED"}
{"ts":1698342649283,"action":"IDE_DEACTIVATED"}
{"ts":1698342730701,"action":"IDE_ACTIVATED"}
{"ts":1698342735604,"action":"IDE_DEACTIVATED"}
{"ts":1698342877436,"action":"IDE_ACTIVATED"}
{"ts":1698342882159,"action":"IDE_DEACTIVATED"}
{"ts":1698342889335,"action":"IDE_ACTIVATED"}
{"ts":1698342891862,"action":"IDE_DEACTIVATED"}
{"ts":1698342910382,"action":"IDE_ACTIVATED"}
{"ts":1698342913338,"action":"IDE_DEACTIVATED"}
{"ts":1698342929751,"action":"IDE_ACTIVATED"}
{"ts":1698342933860,"action":"IDE_DEACTIVATED"}
{"ts":1698342978118,"action":"IDE_ACTIVATED"}
{"ts":1698342982706,"action":"IDE_DEACTIVATED"}
{"ts":1698343083688,"action":"IDE_ACTIVATED"}
{"ts":1698343094233,"action":"IDE_DEACTIVATED"}
{"ts":1698343187194,"action":"IDE_ACTIVATED"}
{"ts":1698343187811,"action":"IDE_DEACTIVATED"}
{"ts":1698343233099,"action":"IDE_ACTIVATED"}
{"ts":1698343404348,"action":"IDE_DEACTIVATED"}
{"ts":1698343415394,"action":"IDE_ACTIVATED"}
{"ts":1698343478987,"action":"IDE_DEACTIVATED"}
{"ts":1698343491062,"action":"IDE_ACTIVATED"}
{"ts":1698343493193,"action":"IDE_DEACTIVATED"}
{"ts":1698343501371,"action":"IDE_ACTIVATED"}
{"ts":1698343514519,"action":"IDE_DEACTIVATED"}
{"ts":1698343515606,"action":"IDE_ACTIVATED"}
{"ts":1698343518348,"action":"IDE_DEACTIVATED"}
{"ts":1698343522952,"action":"IDE_ACTIVATED"}
{"ts":1698343587169,"action":"IDE_DEACTIVATED"}
{"ts":1698343602760,"action":"IDE_ACTIVATED"}
{"ts":1698343603222,"action":"IDE_DEACTIVATED"}
{"ts":1698343604009,"action":"IDE_ACTIVATED"}
{"ts":1698343605945,"action":"IDE_DEACTIVATED"}
{"ts":1698343611524,"action":"IDE_ACTIVATED"}
{"ts":1698343615497,"action":"IDE_DEACTIVATED"}
{"ts":1698343626638,"action":"IDE_ACTIVATED"}
{"ts":1698343716214,"action":"IDE_DEACTIVATED"}
{"ts":1698343730341,"action":"IDE_ACTIVATED"}
{"ts":1698343753087,"action":"IDE_DEACTIVATED"}
{"ts":1698343757681,"action":"IDE_ACTIVATED"}
{"ts":1698343807024,"action":"IDE_DEACTIVATED"}
{"ts":1698343808680,"action":"IDE_ACTIVATED"}
{"ts":1698343901118,"action":"IDE_DEACTIVATED"}
{"ts":1698343902190,"action":"IDE_ACTIVATED"}
{"ts":1698343936367,"action":"IDE_DEACTIVATED"}
{"ts":1698343937505,"action":"IDE_ACTIVATED"}
{"ts":1698343957542,"action":"IDE_DEACTIVATED"}
{"ts":1698343960512,"action":"IDE_ACTIVATED"}
{"ts":1698343974171,"action":"IDE_DEACTIVATED"}
{"ts":1698343979227,"action":"IDE_ACTIVATED"}
{"ts":1698343982840,"action":"IDE_DEACTIVATED"}
{"ts":1698343998424,"action":"IDE_ACTIVATED"}
{"ts":1698344036910,"action":"IDE_DEACTIVATED"}
{"ts":1698344038588,"action":"IDE_ACTIVATED"}
{"ts":1698344062188,"action":"IDE_DEACTIVATED"}
{"ts":1698344062768,"action":"IDE_ACTIVATED"}
{"ts":1698344064100,"action":"IDE_DEACTIVATED"}
{"ts":1698344064981,"action":"IDE_ACTIVATED"}
{"ts":1698344117251,"action":"IDE_DEACTIVATED"}
{"ts":1698344131356,"action":"IDE_ACTIVATED"}
{"ts":1698344341071,"action":"IDE_DEACTIVATED"}
{"ts":1698344342059,"action":"IDE_ACTIVATED"}
{"ts":1698344391041,"action":"IDE_DEACTIVATED"}
{"ts":1698344411288,"action":"IDE_ACTIVATED"}
{"ts":1698344528747,"action":"IDE_DEACTIVATED"}
{"ts":1698344529177,"action":"IDE_ACTIVATED"}
{"ts":1698344549450,"action":"IDE_DEACTIVATED"}
{"ts":1698344549454,"action":"IDE_ACTIVATED"}
{"ts":1698344565004,"action":"IDE_DEACTIVATED"}
{"ts":1698344570258,"action":"IDE_ACTIVATED"}
{"ts":1698344573116,"action":"IDE_DEACTIVATED"}
{"ts":1698344576250,"action":"IDE_ACTIVATED"}
{"ts":1698344582415,"action":"IDE_DEACTIVATED"}
{"ts":1698344583897,"action":"IDE_ACTIVATED"}
{"ts":1698344585383,"action":"IDE_DEACTIVATED"}
{"ts":1698344586227,"action":"IDE_ACTIVATED"}
{"ts":1698344587521,"action":"IDE_DEACTIVATED"}
{"ts":1698344590312,"action":"IDE_ACTIVATED"}
{"ts":1698344592721,"action":"IDE_DEACTIVATED"}
{"ts":1698344594096,"action":"IDE_ACTIVATED"}
{"ts":1698344764536,"action":"IDE_DEACTIVATED"}
{"ts":1698344862783,"action":"IDE_ACTIVATED"}
{"ts":1698344862922,"action":"IDE_DEACTIVATED"}
{"ts":1698344867470,"action":"IDE_ACTIVATED"}
{"ts":1698344949896,"action":"IDE_DEACTIVATED"}
{"ts":1698344951177,"action":"IDE_ACTIVATED"}
{"ts":1698345000965,"action":"IDE_DEACTIVATED"}
{"ts":1698345002871,"action":"IDE_ACTIVATED"}
{"ts":1698345137107,"action":"FILE_CLOSED","file":"/home/models.py","tags":{"FILE_LINE_OF_CODE":"83"}}
{"ts":1698345137107,"action":"FILE_OPENED","file":"/home/api.py","tags":{"FILE_LINE_OF_CODE":"62"}}
{"ts":1698345143585,"action":"FILE_CLOSED","file":"/home/api.py","tags":{"FILE_LINE_OF_CODE":"62"}}
{"ts":1698345143585,"action":"FILE_OPENED","file":"/home/models.py","tags":{"FILE_LINE_OF_CODE":"83"}}
{"ts":1698345144453,"action":"FILE_CLOSED","file":"/home/models.py","tags":{"FILE_LINE_OF_CODE":"83"}}
{"ts":1698345144453,"action":"FILE_OPENED","file":"/home/api.py","tags":{"FILE_LINE_OF_CODE":"62"}}
{"ts":1698345151233,"action":"FILE_CLOSED","file":"/home/api.py","tags":{"FILE_LINE_OF_CODE":"62"}}
{"ts":1698345151233,"action":"FILE_OPENED","file":"/home/views.py","tags":{"FILE_LINE_OF_CODE":"414"}}
{"ts":1698345160418,"action":"FILE_CLOSED","file":"/home/views.py","tags":{"FILE_LINE_OF_CODE":"414"}}
{"ts":1698345160418,"action":"FILE_OPENED","file":"/home/api.py","tags":{"FILE_LINE_OF_CODE":"62"}}
{"ts":1698345197547,"action":"FILE_CLOSED","file":"/home/api.py","tags":{"FILE_LINE_OF_CODE":"62"}}
{"ts":1698345197548,"action":"FILE_OPENED","file":"/home/views.py","tags":{"FILE_LINE_OF_CODE":"414"}}
{"ts":1698345205066,"action":"FILE_CLOSED","file":"/home/views.py","tags":{"FILE_LINE_OF_CODE":"414"}}
{"ts":1698345205066,"action":"FILE_OPENED","file":"/home/api.py","tags":{"FILE_LINE_OF_CODE":"62"}}
{"ts":1698345206311,"action":"IDE_DEACTIVATED"}
{"ts":1698345216924,"action":"IDE_ACTIVATED"}
{"ts":1698345219327,"action":"FILE_CLOSED","file":"/home/api.py","tags":{"FILE_LINE_OF_CODE":"62"}}
{"ts":1698345219327,"action":"FILE_OPENED","file":"/home/views.py","tags":{"FILE_LINE_OF_CODE":"414"}}
{"ts":1698345271806,"action":"FILE_CLOSED","file":"/home/views.py","tags":{"FILE_LINE_OF_CODE":"414"}}
{"ts":1698345271806,"action":"FILE_OPENED","file":"/home/urls.py","tags":{"FILE_LINE_OF_CODE":"43"}}
{"ts":1698345298263,"action":"FILE_CLOSED","file":"/home/urls.py","tags":{"FILE_LINE_OF_CODE":"43"}}
{"ts":1698345298263,"action":"FILE_OPENED","file":"/home/views.py","tags":{"FILE_LINE_OF_CODE":"414"}}
{"ts":1698345366327,"action":"FILE_CLOSED","file":"/home/views.py","tags":{"FILE_LINE_OF_CODE":"414"}}
{"ts":1698345366327,"action":"FILE_OPENED","file":"/home/api.py","tags":{"FILE_LINE_OF_CODE":"62"}}
{"ts":1698345374232,"action":"FILE_CLOSED","file":"/home/api.py","tags":{"FILE_LINE_OF_CODE":"65"}}
{"ts":1698345374232,"action":"FILE_OPENED","file":"/home/views.py","tags":{"FILE_LINE_OF_CODE":"414"}}
{"ts":1698345376826,"action":"FILE_CLOSED","file":"/home/views.py","tags":{"FILE_LINE_OF_CODE":"414"}}
{"ts":1698345376826,"action":"FILE_OPENED","file":"/home/api.py","tags":{"FILE_LINE_OF_CODE":"65"}}
{"ts":1698345379700,"action":"FILE_CLOSED","file":"/home/api.py","tags":{"FILE_LINE_OF_CODE":"64"}}
{"ts":1698345379700,"action":"FILE_OPENED","file":"/home/views.py","tags":{"FILE_LINE_OF_CODE":"414"}}
{"ts":1698345383412,"action":"FILE_CLOSED","file":"/home/views.py","tags":{"FILE_LINE_OF_CODE":"414"}}
{"ts":1698345383413,"action":"FILE_OPENED","file":"/home/api.py","tags":{"FILE_LINE_OF_CODE":"64"}}
{"ts":1698345393700,"action":"FILE_CLOSED","file":"/home/api.py","tags":{"FILE_LINE_OF_CODE":"65"}}
{"ts":1698345393700,"action":"FILE_OPENED","file":"/home/views.py","tags":{"FILE_LINE_OF_CODE":"414"}}
{"ts":1698345394326,"action":"FILE_CLOSED","file":"/home/views.py","tags":{"FILE_LINE_OF_CODE":"414"}}
{"ts":1698345394326,"action":"FILE_OPENED","file":"/home/urls.py","tags":{"FILE_LINE_OF_CODE":"43"}}
{"ts":1698345399756,"action":"FILE_CLOSED","file":"/home/urls.py","tags":{"FILE_LINE_OF_CODE":"43"}}
{"ts":1698345399756,"action":"FILE_OPENED","file":"/home/api.py","tags":{"FILE_LINE_OF_CODE":"65"}}
{"ts":1698345404679,"action":"FILE_CLOSED","file":"/home/api.py","tags":{"FILE_LINE_OF_CODE":"65"}}
{"ts":1698345404679,"action":"FILE_OPENED","file":"/home/models.py","tags":{"FILE_LINE_OF_CODE":"83"}}
{"ts":1698345413658,"action":"FILE_CLOSED","file":"/home/models.py","tags":{"FILE_LINE_OF_CODE":"83"}}
{"ts":1698345413658,"action":"FILE_OPENED","file":"/home/api.py","tags":{"FILE_LINE_OF_CODE":"65"}}
{"ts":1698345422937,"action":"FILE_CLOSED","file":"/home/api.py","tags":{"FILE_LINE_OF_CODE":"65"}}
{"ts":1698345422937,"action":"FILE_OPENED","file":"/home/views.py","tags":{"FILE_LINE_OF_CODE":"414"}}
{"ts":1698345425334,"action":"FILE_CLOSED","file":"/home/views.py","tags":{"FILE_LINE_OF_CODE":"414"}}
{"ts":1698345425334,"action":"FILE_OPENED","file":"/home/models.py","tags":{"FILE_LINE_OF_CODE":"83"}}
{"ts":1698345435266,"action":"FILE_CLOSED","file":"/home/models.py","tags":{"FILE_LINE_OF_CODE":"83"}}
{"ts":1698345435266,"action":"FILE_OPENED","file":"/home/views.py","tags":{"FILE_LINE_OF_CODE":"414"}}
{"ts":1698345436145,"action":"FILE_CLOSED","file":"/home/views.py","tags":{"FILE_LINE_OF_CODE":"414"}}
{"ts":1698345436145,"action":"FILE_OPENED","file":"/home/api.py","tags":{"FILE_LINE_OF_CODE":"65"}}
{"ts":1698345506165,"action":"FILE_CLOSED","file":"/home/api.py","tags":{"FILE_LINE_OF_CODE":"65"}}
{"ts":1698345506165,"action":"FILE_OPENED","file":"/home/views.py","tags":{"FILE_LINE_OF_CODE":"414"}}
{"ts":1698345507210,"action":"FILE_CLOSED","file":"/home/views.py","tags":{"FILE_LINE_OF_CODE":"414"}}
{"ts":1698345507210,"action":"FILE_OPENED","file":"/home/models.py","tags":{"FILE_LINE_OF_CODE":"83"}}
{"ts":1698345509453,"action":"FILE_CLOSED","file":"/home/models.py","tags":{"FILE_LINE_OF_CODE":"83"}}
{"ts":1698345509453,"action":"FILE_OPENED","file":"/home/api.py","tags":{"FILE_LINE_OF_CODE":"65"}}
{"ts":1698345510421,"action":"FILE_CLOSED","file":"/home/api.py","tags":{"FILE_LINE_OF_CODE":"65"}}
{"ts":1698345510421,"action":"FILE_OPENED","file":"/home/urls.py","tags":{"FILE_LINE_OF_CODE":"43"}}
{"ts":1698345519947,"action":"FILE_CLOSED","file":"/home/urls.py","tags":{"FILE_LINE_OF_CODE":"43"}}
{"ts":1698345519947,"action":"FILE_OPENED","file":"/home/views.py","tags":{"FILE_LINE_OF_CODE":"414"}}
{"ts":1698345521642,"action":"FILE_CLOSED","file":"/home/views.py","tags":{"FILE_LINE_OF_CODE":"414"}}
{"ts":1698345521642,"action":"FILE_OPENED","file":"/home/api.py","tags":{"FILE_LINE_OF_CODE":"65"}}
{"ts":1698346009582,"action":"FILE_CLOSED","file":"/home/api.py","tags":{"FILE_LINE_OF_CODE":"67"}}
{"ts":1698346009582,"action":"FILE_OPENED","file":"/home/views.py","tags":{"FILE_LINE_OF_CODE":"414"}}
{"ts":1698346021619,"action":"FILE_CLOSED","file":"/home/views.py","tags":{"FILE_LINE_OF_CODE":"414"}}
{"ts":1698346021619,"action":"FILE_OPENED","file":"/home/urls.py","tags":{"FILE_LINE_OF_CODE":"43"}}
{"ts":1698346022266,"action":"FILE_CLOSED","file":"/home/urls.py","tags":{"FILE_LINE_OF_CODE":"43"}}
{"ts":1698346022266,"action":"FILE_OPENED","file":"/home/views.py","tags":{"FILE_LINE_OF_CODE":"414"}}
{"ts":1698346024377,"action":"FILE_CLOSED","file":"/home/views.py","tags":{"FILE_LINE_OF_CODE":"414"}}
{"ts":1698346024377,"action":"FILE_OPENED","file":"/home/api.py","tags":{"FILE_LINE_OF_CODE":"67"}}
{"ts":1698346030207,"action":"IDE_DEACTIVATED"}
{"ts":1698346077332,"action":"IDE_ACTIVATED"}
{"ts":1698346131990,"action":"FILE_CLOSED","file":"/home/api.py","tags":{"FILE_LINE_OF_CODE":"67"}}
{"ts":1698346131990,"action":"FILE_OPENED","file":"/home/urls.py","tags":{"FILE_LINE_OF_CODE":"43"}}
{"ts":1698346133559,"action":"FILE_CLOSED","file":"/home/urls.py","tags":{"FILE_LINE_OF_CODE":"43"}}
{"ts":1698346133559,"action":"FILE_OPENED","file":"/home/models.py","tags":{"FILE_LINE_OF_CODE":"83"}}
{"ts":1698346142402,"action":"FILE_CLOSED","file":"/home/models.py","tags":{"FILE_LINE_OF_CODE":"83"}}
{"ts":1698346142402,"action":"FILE_OPENED","file":"/home/urls.py","tags":{"FILE_LINE_OF_CODE":"43"}}
{"ts":1698346142924,"action":"FILE_CLOSED","file":"/home/urls.py","tags":{"FILE_LINE_OF_CODE":"43"}}
{"ts":1698346142924,"action":"FILE_OPENED","file":"/home/views.py","tags":{"FILE_LINE_OF_CODE":"414"}}
{"ts":1698346143939,"action":"FILE_CLOSED","file":"/home/views.py","tags":{"FILE_LINE_OF_CODE":"414"}}
{"ts":1698346143939,"action":"FILE_OPENED","file":"/home/api.py","tags":{"FILE_LINE_OF_CODE":"67"}}
{"ts":1698346168685,"action":"FILE_CLOSED","file":"/home/api.py","tags":{"FILE_LINE_OF_CODE":"67"}}
{"ts":1698346168685,"action":"FILE_OPENED","file":"/home/urls.py","tags":{"FILE_LINE_OF_CODE":"43"}}
{"ts":1698346169526,"action":"FILE_CLOSED","file":"/home/urls.py","tags":{"FILE_LINE_OF_CODE":"43"}}
{"ts":1698346169526,"action":"FILE_OPENED","file":"/home/views.py","tags":{"FILE_LINE_OF_CODE":"414"}}
{"ts":1698346170342,"action":"FILE_CLOSED","file":"/home/views.py","tags":{"FILE_LINE_OF_CODE":"414"}}
{"ts":1698346170342,"action":"FILE_OPENED","file":"/home/models.py","tags":{"FILE_LINE_OF_CODE":"83"}}
{"ts":1698346174764,"action":"FILE_CLOSED","file":"/home/models.py","tags":{"FILE_LINE_OF_CODE":"83"}}
{"ts":1698346174764,"action":"FILE_OPENED","file":"/home/views.py","tags":{"FILE_LINE_OF_CODE":"414"}}
{"ts":1698346176122,"action":"FILE_CLOSED","file":"/home/views.py","tags":{"FILE_LINE_OF_CODE":"414"}}
{"ts":1698346176122,"action":"FILE_OPENED","file":"/home/models.py","tags":{"FILE_LINE_OF_CODE":"83"}}
{"ts":1698346177261,"action":"FILE_CLOSED","file":"/home/models.py","tags":{"FILE_LINE_OF_CODE":"83"}}
{"ts":1698346177261,"action":"FILE_OPENED","file":"/home/api.py","tags":{"FILE_LINE_OF_CODE":"67"}}
{"ts":1698346184323,"action":"FILE_CLOSED","file":"/home/api.py","tags":{"FILE_LINE_OF_CODE":"67"}}
{"ts":1698346184323,"action":"FILE_OPENED","file":"/home/models.py","tags":{"FILE_LINE_OF_CODE":"83"}}
{"ts":1698346188279,"action":"FILE_CLOSED","file":"/home/models.py","tags":{"FILE_LINE_OF_CODE":"83"}}
{"ts":1698346188279,"action":"FILE_OPENED","file":"/home/views.py","tags":{"FILE_LINE_OF_CODE":"414"}}
{"ts":1698346189161,"action":"FILE_CLOSED","file":"/home/views.py","tags":{"FILE_LINE_OF_CODE":"414"}}
{"ts":1698346189161,"action":"FILE_OPENED","file":"/home/api.py","tags":{"FILE_LINE_OF_CODE":"67"}}
{"ts":1698346205411,"action":"IDE_DEACTIVATED"}
{"ts":1698346213780,"action":"IDE_ACTIVATED"}
{"ts":1698346247576,"action":"FILE_CLOSED","file":"/home/api.py","tags":{"FILE_LINE_OF_CODE":"68"}}
{"ts":1698346247576,"action":"FILE_OPENED","file":"/home/views.py","tags":{"FILE_LINE_OF_CODE":"414"}}
{"ts":1698346248405,"action":"FILE_CLOSED","file":"/home/views.py","tags":{"FILE_LINE_OF_CODE":"414"}}
{"ts":1698346248405,"action":"FILE_OPENED","file":"/home/api.py","tags":{"FILE_LINE_OF_CODE":"68"}}
{"ts":1698346249187,"action":"FILE_CLOSED","file":"/home/api.py","tags":{"FILE_LINE_OF_CODE":"68"}}
{"ts":1698346249187,"action":"FILE_OPENED","file":"/home/models.py","tags":{"FILE_LINE_OF_CODE":"83"}}
{"ts":1698346271900,"action":"IDE_DEACTIVATED"}
{"ts":1698346278121,"action":"IDE_ACTIVATED"}
{"ts":1698346285444,"action":"IDE_DEACTIVATED"}
{"ts":1698346291125,"action":"IDE_ACTIVATED"}
{"ts":1698346292049,"action":"IDE_DEACTIVATED"}
{"ts":1698346297066,"action":"IDE_ACTIVATED"}
{"ts":1698346297792,"action":"IDE_DEACTIVATED"}
{"ts":1698346305924,"action":"IDE_ACTIVATED"}
{"ts":1698346306597,"action":"IDE_DEACTIVATED"}
{"ts":1698346311908,"action":"IDE_ACTIVATED"}
{"ts":1698346319052,"action":"IDE_DEACTIVATED"}
{"ts":1698346376588,"action":"IDE_ACTIVATED"}
{"ts":1698346379981,"action":"IDE_DEACTIVATED"}
{"ts":1698346486216,"action":"IDE_ACTIVATED"}
{"ts":1698346488600,"action":"FILE_CLOSED","file":"/home/models.py","tags":{"FILE_LINE_OF_CODE":"83"}}
{"ts":1698346488600,"action":"FILE_OPENED","file":"/home/api.py","tags":{"FILE_LINE_OF_CODE":"68"}}
{"ts":1698346518840,"action":"IDE_DEACTIVATED"}
{"ts":1698346530991,"action":"IDE_ACTIVATED"}
{"ts":1698346532957,"action":"IDE_DEACTIVATED"}
{"ts":1698346533791,"action":"IDE_ACTIVATED"}
{"ts":1698346543268,"action":"IDE_DEACTIVATED"}
{"ts":1698346571381,"action":"IDE_ACTIVATED"}
{"ts":1698346575467,"action":"IDE_DEACTIVATED"}
{"ts":1698346576320,"action":"IDE_ACTIVATED"}
{"ts":1698346580444,"action":"IDE_DEACTIVATED"}
{"ts":1698346583069,"action":"IDE_ACTIVATED"}
{"ts":1698346587641,"action":"IDE_DEACTIVATED"}
{"ts":1698346588221,"action":"IDE_ACTIVATED"}
{"ts":1698346590286,"action":"IDE_DEACTIVATED"}
{"ts":1698346592002,"action":"IDE_ACTIVATED"}
{"ts":1698346593947,"action":"IDE_DEACTIVATED"}
{"ts":1698346594358,"action":"IDE_ACTIVATED"}
{"ts":1698346597940,"action":"IDE_DEACTIVATED"}
{"ts":1698346599658,"action":"IDE_ACTIVATED"}
{"ts":1698346624674,"action":"IDE_DEACTIVATED"}
{"ts":1698346635376,"action":"IDE_ACTIVATED"}
{"ts":1698346640068,"action":"FILE_CLOSED","file":"/home/api.py","tags":{"FILE_LINE_OF_CODE":"73"}}
{"ts":1698346640068,"action":"FILE_OPENED","file":"/home/models.py","tags":{"FILE_LINE_OF_CODE":"83"}}
{"ts":1698346648998,"action":"FILE_CLOSED","file":"/home/models.py","tags":{"FILE_LINE_OF_CODE":"83"}}
{"ts":1698346648998,"action":"FILE_OPENED","file":"/home/views.py","tags":{"FILE_LINE_OF_CODE":"414"}}
{"ts":1698346649989,"action":"FILE_CLOSED","file":"/home/views.py","tags":{"FILE_LINE_OF_CODE":"414"}}
{"ts":1698346649989,"action":"FILE_OPENED","file":"/home/api.py","tags":{"FILE_LINE_OF_CODE":"73"}}
{"ts":1698346651072,"action":"IDE_DEACTIVATED"}
{"ts":1698346652626,"action":"IDE_ACTIVATED"}
{"ts":1698346672537,"action":"FILE_CLOSED","file":"/home/api.py","tags":{"FILE_LINE_OF_CODE":"73"}}
{"ts":1698346672537,"action":"FILE_OPENED","file":"/home/models.py","tags":{"FILE_LINE_OF_CODE":"83"}}
{"ts":1698346696467,"action":"FILE_CLOSED","file":"/home/models.py","tags":{"FILE_LINE_OF_CODE":"83"}}
{"ts":1698346696467,"action":"FILE_OPENED","file":"/home/api.py","tags":{"FILE_LINE_OF_CODE":"73"}}
{"ts":1698346729404,"action":"FILE_CLOSED","file":"/home/api.py","tags":{"FILE_LINE_OF_CODE":"74"}}
{"ts":1698346729404,"action":"FILE_OPENED","file":"/home/models.py","tags":{"FILE_LINE_OF_CODE":"83"}}
{"ts":1698346734199,"action":"FILE_CLOSED","file":"/home/models.py","tags":{"FILE_LINE_OF_CODE":"83"}}
{"ts":1698346734199,"action":"FILE_OPENED","file":"/home/api.py","tags":{"FILE_LINE_OF_CODE":"74"}}
{"ts":1698346775261,"action":"FILE_CLOSED","file":"/home/api.py","tags":{"FILE_LINE_OF_CODE":"81"}}
{"ts":1698346775261,"action":"FILE_OPENED","file":"/home/models.py","tags":{"FILE_LINE_OF_CODE":"83"}}
{"ts":1698346779134,"action":"FILE_CLOSED","file":"/home/models.py","tags":{"FILE_LINE_OF_CODE":"83"}}
{"ts":1698346779134,"action":"FILE_OPENED","file":"/home/api.py","tags":{"FILE_LINE_OF_CODE":"81"}}
{"ts":1698346781327,"action":"FILE_CLOSED","file":"/home/api.py","tags":{"FILE_LINE_OF_CODE":"81"}}
{"ts":1698346781327,"action":"FILE_OPENED","file":"/home/models.py","tags":{"FILE_LINE_OF_CODE":"83"}}
{"ts":1698346802989,"action":"FILE_CLOSED","file":"/home/models.py","tags":{"FILE_LINE_OF_CODE":"83"}}
{"ts":1698346802989,"action":"FILE_OPENED","file":"/home/api.py","tags":{"FILE_LINE_OF_CODE":"81"}}
{"ts":1698346804017,"action":"FILE_CLOSED","file":"/home/api.py","tags":{"FILE_LINE_OF_CODE":"81"}}
{"ts":1698346804017,"action":"FILE_OPENED","file":"/home/models.py","tags":{"FILE_LINE_OF_CODE":"83"}}
{"ts":1698346808685,"action":"FILE_CLOSED","file":"/home/models.py","tags":{"FILE_LINE_OF_CODE":"83"}}
{"ts":1698346808685,"action":"FILE_OPENED","file":"/home/api.py","tags":{"FILE_LINE_OF_CODE":"81"}}
{"ts":1698346810959,"action":"FILE_CLOSED","file":"/home/api.py","tags":{"FILE_LINE_OF_CODE":"81"}}
{"ts":1698346810959,"action":"FILE_OPENED","file":"/home/models.py","tags":{"FILE_LINE_OF_CODE":"83"}}
{"ts":1698346814101,"action":"FILE_CLOSED","file":"/home/models.py","tags":{"FILE_LINE_OF_CODE":"83"}}
{"ts":1698346814101,"action":"FILE_OPENED","file":"/home/api.py","tags":{"FILE_LINE_OF_CODE":"81"}}
{"ts":1698346815535,"action":"FILE_CLOSED","file":"/home/api.py","tags":{"FILE_LINE_OF_CODE":"81"}}
{"ts":1698346815535,"action":"FILE_OPENED","file":"/home/models.py","tags":{"FILE_LINE_OF_CODE":"83"}}
{"ts":1698346819814,"action":"FILE_CLOSED","file":"/home/models.py","tags":{"FILE_LINE_OF_CODE":"83"}}
{"ts":1698346819814,"action":"FILE_OPENED","file":"/home/api.py","tags":{"FILE_LINE_OF_CODE":"81"}}
{"ts":1698346851845,"action":"FILE_CLOSED","file":"/home/api.py","tags":{"FILE_LINE_OF_CODE":"84"}}
{"ts":1698346851845,"action":"FILE_OPENED","file":"/home/models.py","tags":{"FILE_LINE_OF_CODE":"83"}}
{"ts":1698346855482,"action":"FILE_CLOSED","file":"/home/models.py","tags":{"FILE_LINE_OF_CODE":"83"}}
{"ts":1698346855482,"action":"FILE_OPENED","file":"/home/api.py","tags":{"FILE_LINE_OF_CODE":"84"}}
{"ts":1698346878750,"action":"IDE_DEACTIVATED"}
{"ts":1698346881749,"action":"IDE_ACTIVATED"}
{"ts":1698346892514,"action":"IDE_DEACTIVATED"}
{"ts":1698346898634,"action":"IDE_ACTIVATED"}
{"ts":1698346899082,"action":"IDE_DEACTIVATED"}
{"ts":1698346901683,"action":"IDE_ACTIVATED"}
{"ts":1698346906488,"action":"IDE_DEACTIVATED"}
{"ts":1698346907188,"action":"IDE_ACTIVATED"}
{"ts":1698346908501,"action":"FILE_CLOSED","file":"/home/api.py","tags":{"FILE_LINE_OF_CODE":"85"}}
{"ts":1698346908501,"action":"FILE_OPENED","file":"/home/models.py","tags":{"FILE_LINE_OF_CODE":"83"}}
{"ts":1698346912335,"action":"FILE_CLOSED","file":"/home/models.py","tags":{"FILE_LINE_OF_CODE":"83"}}
{"ts":1698346912335,"action":"FILE_OPENED","file":"/home/api.py","tags":{"FILE_LINE_OF_CODE":"85"}}
{"ts":1698346921518,"action":"IDE_DEACTIVATED"}
{"ts":1698346923463,"action":"IDE_ACTIVATED"}
{"ts":1698346924318,"action":"IDE_DEACTIVATED"}
{"ts":1698346925440,"action":"IDE_ACTIVATED"}
{"ts":1698346926489,"action":"IDE_DEACTIVATED"}
{"ts":1698346939912,"action":"IDE_ACTIVATED"}
{"ts":1698346940594,"action":"IDE_DEACTIVATED"}
{"ts":1698346942431,"action":"IDE_ACTIVATED"}
{"ts":1698346945387,"action":"FILE_CLOSED","file":"/home/api.py","tags":{"FILE_LINE_OF_CODE":"84"}}
{"ts":1698346945387,"action":"FILE_OPENED","file":"/home/models.py","tags":{"FILE_LINE_OF_CODE":"83"}}
{"ts":1698346953940,"action":"FILE_CLOSED","file":"/home/models.py","tags":{"FILE_LINE_OF_CODE":"83"}}
{"ts":1698346953940,"action":"FILE_OPENED","file":"/home/api.py","tags":{"FILE_LINE_OF_CODE":"84"}}
{"ts":1698346955716,"action":"IDE_DEACTIVATED"}
{"ts":1698346964721,"action":"IDE_ACTIVATED"}
{"ts":1698346991329,"action":"FILE_CLOSED","file":"/home/api.py","tags":{"FILE_LINE_OF_CODE":"85"}}
{"ts":1698346991329,"action":"FILE_OPENED","file":"/home/models.py","tags":{"FILE_LINE_OF_CODE":"83"}}
{"ts":1698346993248,"action":"FILE_CLOSED","file":"/home/models.py","tags":{"FILE_LINE_OF_CODE":"83"}}
{"ts":1698346993248,"action":"FILE_OPENED","file":"/home/api.py","tags":{"FILE_LINE_OF_CODE":"85"}}
{"ts":1698347020104,"action":"IDE_DEACTIVATED"}
{"ts":1698347022918,"action":"IDE_ACTIVATED"}
{"ts":1698347103893,"action":"IDE_DEACTIVATED"}
{"ts":1698347172211,"action":"IDE_ACTIVATED"}
{"ts":1698347344786,"action":"IDE_DEACTIVATED"}
{"ts":1698347347787,"action":"IDE_ACTIVATED"}
{"ts":1698347353351,"action":"IDE_DEACTIVATED"}
{"ts":1698347355613,"action":"IDE_ACTIVATED"}
{"ts":1698347366678,"action":"IDE_DEACTIVATED"}
{"ts":1698347374357,"action":"IDE_ACTIVATED"}
{"ts":1698347386733,"action":"IDE_DEACTIVATED"}
{"ts":1698347387386,"action":"IDE_ACTIVATED"}
{"ts":1698347387812,"action":"IDE_DEACTIVATED"}
{"ts":1698347388308,"action":"IDE_ACTIVATED"}
{"ts":1698347389671,"action":"IDE_DEACTIVATED"}
{"ts":1698347390499,"action":"IDE_ACTIVATED"}
{"ts":1698347442473,"action":"IDE_DEACTIVATED"}
{"ts":1698347447786,"action":"IDE_ACTIVATED"}
{"ts":1698347557586,"action":"IDE_DEACTIVATED"}
{"ts":1698347559501,"action":"IDE_ACTIVATED"}
{"ts":1698347659439,"action":"FILE_CLOSED","file":"/home/api.py","tags":{"FILE_LINE_OF_CODE":"99"}}
{"ts":1698347659439,"action":"FILE_OPENED","file":"/templates/core/base.html","tags":{"FILE_LINE_OF_CODE":"41"}}
{"ts":1698347739704,"action":"IDE_DEACTIVATED"}
{"ts":1698348120907,"action":"IDE_ACTIVATED"}
{"ts":1698348163356,"action":"FILE_CLOSED","file":"/templates/core/base.html","tags":{"FILE_LINE_OF_CODE":"41"}}
{"ts":1698348163356,"action":"FILE_OPENED","file":"/home/api.py","tags":{"FILE_LINE_OF_CODE":"99"}}
{"ts":1698348163724,"action":"FILE_CLOSED","file":"/home/api.py","tags":{"FILE_LINE_OF_CODE":"99"}}
{"ts":1698348163724,"action":"FILE_OPENED","file":"/home/models.py","tags":{"FILE_LINE_OF_CODE":"83"}}
{"ts":1698348165097,"action":"FILE_CLOSED","file":"/home/models.py","tags":{"FILE_LINE_OF_CODE":"83"}}
{"ts":1698348165097,"action":"FILE_OPENED","file":"/home/api.py","tags":{"FILE_LINE_OF_CODE":"99"}}
{"ts":1698348207227,"action":"FILE_CLOSED","file":"/home/api.py","tags":{"FILE_LINE_OF_CODE":"99"}}
{"ts":1698348207227,"action":"FILE_OPENED","file":"/home/models.py","tags":{"FILE_LINE_OF_CODE":"83"}}
{"ts":1698348209484,"action":"IDE_DEACTIVATED"}
{"ts":1698348210287,"action":"IDE_ACTIVATED"}
{"ts":1698348214384,"action":"FILE_CLOSED","file":"/home/models.py","tags":{"FILE_LINE_OF_CODE":"83"}}
{"ts":1698348214384,"action":"FILE_OPENED","file":"/home/views.py","tags":{"FILE_LINE_OF_CODE":"414"}}
{"ts":1698348215303,"action":"FILE_CLOSED","file":"/home/views.py","tags":{"FILE_LINE_OF_CODE":"414"}}
{"ts":1698348215303,"action":"FILE_OPENED","file":"/home/urls.py","tags":{"FILE_LINE_OF_CODE":"43"}}
{"ts":1698348217395,"action":"IDE_DEACTIVATED"}
{"ts":1698348221091,"action":"IDE_ACTIVATED"}
{"ts":1698348229799,"action":"FILE_CLOSED","file":"/home/urls.py","tags":{"FILE_LINE_OF_CODE":"43"}}
{"ts":1698348229799,"action":"FILE_OPENED","file":"/home/views.py","tags":{"FILE_LINE_OF_CODE":"414"}}
{"ts":1698348231262,"action":"FILE_CLOSED","file":"/home/views.py","tags":{"FILE_LINE_OF_CODE":"414"}}
{"ts":1698348231262,"action":"FILE_OPENED","file":"/home/api.py","tags":{"FILE_LINE_OF_CODE":"99"}}
{"ts":1698348233280,"action":"FILE_CLOSED","file":"/home/api.py","tags":{"FILE_LINE_OF_CODE":"99"}}
{"ts":1698348233280,"action":"FILE_OPENED","file":"/home/models.py","tags":{"FILE_LINE_OF_CODE":"83"}}
{"ts":1698348234499,"action":"FILE_CLOSED","file":"/home/models.py","tags":{"FILE_LINE_OF_CODE":"83"}}
{"ts":1698348234499,"action":"FILE_OPENED","file":"/templates/core/base.html","tags":{"FILE_LINE_OF_CODE":"41"}}
{"ts":1698348235253,"action":"FILE_CLOSED","file":"/templates/core/base.html","tags":{"FILE_LINE_OF_CODE":"41"}}
{"ts":1698348235253,"action":"FILE_OPENED","file":"/home/views.py","tags":{"FILE_LINE_OF_CODE":"414"}}
{"ts":1698348236290,"action":"FILE_CLOSED","file":"/home/views.py","tags":{"FILE_LINE_OF_CODE":"414"}}
{"ts":1698348236290,"action":"FILE_OPENED","file":"/home/urls.py","tags":{"FILE_LINE_OF_CODE":"43"}}
{"ts":1698348245652,"action":"IDE_DEACTIVATED"}
{"ts":1698348321041,"action":"IDE_ACTIVATED"}
{"ts":1698348324409,"action":"FILE_CLOSED","file":"/home/urls.py","tags":{"FILE_LINE_OF_CODE":"43"}}
{"ts":1698348324409,"action":"FILE_OPENED","file":"/home/views.py","tags":{"FILE_LINE_OF_CODE":"414"}}
{"ts":1698348325385,"action":"FILE_CLOSED","file":"/home/views.py","tags":{"FILE_LINE_OF_CODE":"414"}}
{"ts":1698348325385,"action":"FILE_OPENED","file":"/home/api.py","tags":{"FILE_LINE_OF_CODE":"99"}}
{"ts":1698348326411,"action":"FILE_CLOSED","file":"/home/api.py","tags":{"FILE_LINE_OF_CODE":"99"}}
{"ts":1698348326411,"action":"FILE_OPENED","file":"/home/models.py","tags":{"FILE_LINE_OF_CODE":"83"}}
{"ts":1698348328345,"action":"FILE_CLOSED","file":"/home/models.py","tags":{"FILE_LINE_OF_CODE":"83"}}
{"ts":1698348328345,"action":"FILE_OPENED","file":"/home/api.py","tags":{"FILE_LINE_OF_CODE":"99"}}
{"ts":1698348328944,"action":"FILE_CLOSED","file":"/home/api.py","tags":{"FILE_LINE_OF_CODE":"99"}}
{"ts":1698348328944,"action":"FILE_OPENED","file":"/templates/core/base.html","tags":{"FILE_LINE_OF_CODE":"41"}}
{"ts":1698348331091,"action":"FILE_CLOSED","file":"/templates/core/base.html","tags":{"FILE_LINE_OF_CODE":"41"}}
{"ts":1698348331094,"action":"FILE_OPENED","file":"/home/api.py","tags":{"FILE_LINE_OF_CODE":"99"}}
{"ts":1698348334839,"action":"FILE_CLOSED","file":"/home/api.py","tags":{"FILE_LINE_OF_CODE":"99"}}
{"ts":1698348334839,"action":"FILE_OPENED","file":"/home/models.py","tags":{"FILE_LINE_OF_CODE":"83"}}
{"ts":1698348341273,"action":"FILE_CLOSED","file":"/home/models.py","tags":{"FILE_LINE_OF_CODE":"83"}}
{"ts":1698348341273,"action":"FILE_OPENED","file":"/home/api.py","tags":{"FILE_LINE_OF_CODE":"99"}}
{"ts":1698348342322,"action":"IDE_DEACTIVATED"}
{"ts":1698348361468,"action":"IDE_ACTIVATED"}
{"ts":1698348466541,"action":"IDE_DEACTIVATED"}
{"ts":1698348480960,"action":"IDE_ACTIVATED"}
{"ts":1698348632588,"action":"IDE_DEACTIVATED"}
{"ts":1698348678419,"action":"IDE_ACTIVATED"}
{"ts":1698348680376,"action":"FILE_CLOSED","file":"/home/api.py","tags":{"FILE_LINE_OF_CODE":"119"}}
{"ts":1698348680376,"action":"FILE_OPENED","file":"/home/models.py","tags":{"FILE_LINE_OF_CODE":"83"}}
{"ts":1698348690559,"action":"IDE_DEACTIVATED"}
{"ts":1698348721740,"action":"IDE_ACTIVATED"}
{"ts":1698348724852,"action":"IDE_DEACTIVATED"}
{"ts":1698348913731,"action":"IDE_ACTIVATED"}
{"ts":1698348917021,"action":"FILE_CLOSED","file":"/home/models.py","tags":{"FILE_LINE_OF_CODE":"83"}}
{"ts":1698348917021,"action":"FILE_OPENED","file":"/templates/home/db_mode.html","tags":{"FILE_LINE_OF_CODE":"118"}}
{"ts":1698349250557,"action":"FILE_CLOSED","file":"/templates/home/db_mode.html","tags":{"FILE_LINE_OF_CODE":"118"}}
{"ts":1698349250557,"action":"FILE_OPENED","file":"/home/api.py","tags":{"FILE_LINE_OF_CODE":"119"}}
{"ts":1698349261162,"action":"IDE_DEACTIVATED"}
{"ts":1698349272744,"action":"IDE_ACTIVATED"}
{"ts":1698349278106,"action":"IDE_DEACTIVATED"}
{"ts":1698349287466,"action":"IDE_ACTIVATED"}
{"ts":1698349293146,"action":"IDE_DEACTIVATED"}
{"ts":1698349294434,"action":"IDE_ACTIVATED"}
{"ts":1698349310650,"action":"IDE_DEACTIVATED"}
{"ts":1698349317655,"action":"IDE_ACTIVATED"}
{"ts":1698349326107,"action":"IDE_DEACTIVATED"}
{"ts":1698349332140,"action":"IDE_ACTIVATED"}
{"ts":1698349343039,"action":"IDE_DEACTIVATED"}
{"ts":1698349353569,"action":"IDE_ACTIVATED"}
{"ts":1698349355527,"action":"FILE_CLOSED","file":"/home/api.py","tags":{"FILE_LINE_OF_CODE":"123"}}
{"ts":1698349355527,"action":"FILE_OPENED","file":"/home/models.py","tags":{"FILE_LINE_OF_CODE":"83"}}
{"ts":1698349360854,"action":"FILE_CLOSED","file":"/home/models.py","tags":{"FILE_LINE_OF_CODE":"83"}}
{"ts":1698349360854,"action":"FILE_OPENED","file":"/templates/home/db_mode.html","tags":{"FILE_LINE_OF_CODE":"118"}}
{"ts":1698349362044,"action":"FILE_CLOSED","file":"/templates/home/db_mode.html","tags":{"FILE_LINE_OF_CODE":"118"}}
{"ts":1698349362044,"action":"FILE_OPENED","file":"/home/api.py","tags":{"FILE_LINE_OF_CODE":"123"}}
{"ts":1698349378608,"action":"IDE_DEACTIVATED"}
{"ts":1698349381732,"action":"IDE_ACTIVATED"}
{"ts":1698349383595,"action":"IDE_DEACTIVATED"}
{"ts":1698349530587,"action":"IDE_ACTIVATED"}
{"ts":1698349540192,"action":"IDE_DEACTIVATED"}
{"ts":1698349541949,"action":"IDE_ACTIVATED"}
{"ts":1698349542472,"action":"IDE_DEACTIVATED"}
{"ts":1698349549289,"action":"IDE_ACTIVATED"}
{"ts":1698349558110,"action":"IDE_DEACTIVATED"}
{"ts":1698349558946,"action":"IDE_ACTIVATED"}
{"ts":1698349575612,"action":"IDE_DEACTIVATED"}
{"ts":1698349585366,"action":"IDE_ACTIVATED"}
{"ts":1698349600447,"action":"IDE_DEACTIVATED"}
{"ts":1698349692707,"action":"IDE_ACTIVATED"}
{"ts":1698349711543,"action":"IDE_DEACTIVATED"}
{"ts":1698349806826,"action":"IDE_ACTIVATED"}
{"ts":1698349825868,"action":"IDE_DEACTIVATED"}
{"ts":1698349844121,"action":"IDE_ACTIVATED"}
{"ts":1698349849904,"action":"IDE_DEACTIVATED"}
{"ts":1698349863707,"action":"IDE_ACTIVATED"}
{"ts":1698350024483,"action":"IDE_DEACTIVATED"}
{"ts":1698350049041,"action":"IDE_ACTIVATED"}
{"ts":1698350062177,"action":"IDE_DEACTIVATED"}
{"ts":1698350064504,"action":"IDE_ACTIVATED"}
{"ts":1698350146694,"action":"FILE_CLOSED","file":"/home/api.py","tags":{"FILE_LINE_OF_CODE":"136"}}
{"ts":1698350146694,"action":"FILE_OPENED","file":"/home/urls.py","tags":{"FILE_LINE_OF_CODE":"43"}}
{"ts":1698350153728,"action":"FILE_CLOSED","file":"/home/urls.py","tags":{"FILE_LINE_OF_CODE":"43"}}
{"ts":1698350153729,"action":"FILE_OPENED","file":"/home/views.py","tags":{"FILE_LINE_OF_CODE":"414"}}
{"ts":1698350165780,"action":"FILE_CLOSED","file":"/home/views.py","tags":{"FILE_LINE_OF_CODE":"414"}}
{"ts":1698350165780,"action":"FILE_OPENED","file":"/home/api.py","tags":{"FILE_LINE_OF_CODE":"136"}}
{"ts":1698350346518,"action":"FILE_CLOSED","file":"/home/api.py","tags":{"FILE_LINE_OF_CODE":"154"}}
{"ts":1698350346518,"action":"FILE_OPENED","file":"/home/urls.py","tags":{"FILE_LINE_OF_CODE":"43"}}
{"ts":1698350351900,"action":"FILE_CLOSED","file":"/home/urls.py","tags":{"FILE_LINE_OF_CODE":"43"}}
{"ts":1698350351900,"action":"FILE_OPENED","file":"/home/api.py","tags":{"FILE_LINE_OF_CODE":"154"}}
{"ts":1698350356230,"action":"FILE_CLOSED","file":"/home/api.py","tags":{"FILE_LINE_OF_CODE":"154"}}
{"ts":1698350356230,"action":"FILE_OPENED","file":"/home/models.py","tags":{"FILE_LINE_OF_CODE":"83"}}
{"ts":1698350358980,"action":"FILE_CLOSED","file":"/home/models.py","tags":{"FILE_LINE_OF_CODE":"83"}}
{"ts":1698350358980,"action":"FILE_OPENED","file":"/home/api.py","tags":{"FILE_LINE_OF_CODE":"154"}}
{"ts":1698350360628,"action":"FILE_CLOSED","file":"/home/api.py","tags":{"FILE_LINE_OF_CODE":"154"}}
{"ts":1698350360628,"action":"FILE_OPENED","file":"/home/views.py","tags":{"FILE_LINE_OF_CODE":"414"}}
{"ts":1698350361936,"action":"FILE_CLOSED","file":"/home/views.py","tags":{"FILE_LINE_OF_CODE":"414"}}
{"ts":1698350361936,"action":"FILE_OPENED","file":"/home/urls.py","tags":{"FILE_LINE_OF_CODE":"43"}}
{"ts":1698350364663,"action":"FILE_CLOSED","file":"/home/urls.py","tags":{"FILE_LINE_OF_CODE":"43"}}
{"ts":1698350364663,"action":"FILE_OPENED","file":"/templates/home/db_mode.html","tags":{"FILE_LINE_OF_CODE":"118"}}
{"ts":1698350365802,"action":"FILE_CLOSED","file":"/templates/home/db_mode.html","tags":{"FILE_LINE_OF_CODE":"118"}}
{"ts":1698350365802,"action":"FILE_OPENED","file":"/home/api.py","tags":{"FILE_LINE_OF_CODE":"154"}}
{"ts":1698350366995,"action":"IDE_DEACTIVATED"}
{"ts":1698350390287,"action":"IDE_ACTIVATED"}
{"ts":1698350416980,"action":"FILE_CLOSED","file":"/home/api.py","tags":{"FILE_LINE_OF_CODE":"154"}}
{"ts":1698350416980,"action":"FILE_OPENED","file":"/home/models.py","tags":{"FILE_LINE_OF_CODE":"83"}}
{"ts":1698350425000,"action":"FILE_CLOSED","file":"/home/models.py","tags":{"FILE_LINE_OF_CODE":"83"}}
{"ts":1698350425000,"action":"FILE_OPENED","file":"/home/api.py","tags":{"FILE_LINE_OF_CODE":"154"}}
{"ts":1698350489591,"action":"FILE_CLOSED","file":"/home/api.py","tags":{"FILE_LINE_OF_CODE":"155"}}
{"ts":1698350489591,"action":"FILE_OPENED","file":"/home/models.py","tags":{"FILE_LINE_OF_CODE":"83"}}
{"ts":1698350498885,"action":"FILE_CLOSED","file":"/home/models.py","tags":{"FILE_LINE_OF_CODE":"83"}}
{"ts":1698350498885,"action":"FILE_OPENED","file":"/home/api.py","tags":{"FILE_LINE_OF_CODE":"155"}}
{"ts":1698350527777,"action":"IDE_DEACTIVATED"}
{"ts":1698351032614,"action":"IDE_ACTIVATED"}
{"ts":1698351776974,"action":"FILE_CLOSED","file":"/home/api.py","tags":{"FILE_LINE_OF_CODE":"154"}}
{"ts":1698351776974,"action":"FILE_OPENED","file":"/home/views.py","tags":{"FILE_LINE_OF_CODE":"414"}}
{"ts":1698351779373,"action":"FILE_CLOSED","file":"/home/views.py","tags":{"FILE_LINE_OF_CODE":"414"}}
{"ts":1698351779373,"action":"FILE_OPENED","file":"/home/api.py","tags":{"FILE_LINE_OF_CODE":"154"}}
{"ts":1698351780520,"action":"FILE_CLOSED","file":"/home/api.py","tags":{"FILE_LINE_OF_CODE":"154"}}
{"ts":1698351780520,"action":"FILE_OPENED","file":"/home/views.py","tags":{"FILE_LINE_OF_CODE":"414"}}
{"ts":1698351782293,"action":"FILE_CLOSED","file":"/home/views.py","tags":{"FILE_LINE_OF_CODE":"414"}}
{"ts":1698351782293,"action":"FILE_OPENED","file":"/home/api.py","tags":{"FILE_LINE_OF_CODE":"154"}}
{"ts":1698351914371,"action":"IDE_DEACTIVATED"}
{"ts":1698351973083,"action":"IDE_ACTIVATED"}
{"ts":1698351979240,"action":"IDE_DEACTIVATED"}
{"ts":1698351980335,"action":"IDE_ACTIVATED"}
{"ts":1698352047608,"action":"IDE_DEACTIVATED"}
{"ts":1698352073023,"action":"IDE_ACTIVATED"}
{"ts":1698352078487,"action":"IDE_DEACTIVATED"}
{"ts":1698352101632,"action":"IDE_ACTIVATED"}
{"ts":1698352111864,"action":"FILE_CLOSED","file":"/home/api.py","tags":{"FILE_LINE_OF_CODE":"172"}}
{"ts":1698352111864,"action":"FILE_OPENED","file":"/home/views.py","tags":{"FILE_LINE_OF_CODE":"414"}}
{"ts":1698352129645,"action":"IDE_DEACTIVATED"}
{"ts":1698352138575,"action":"IDE_ACTIVATED"}
{"ts":1698352141209,"action":"IDE_DEACTIVATED"}
{"ts":1698352176303,"action":"IDE_ACTIVATED"}
{"ts":1698352223461,"action":"FILE_CLOSED","file":"/home/views.py","tags":{"FILE_LINE_OF_CODE":"414"}}
{"ts":1698352223461,"action":"FILE_OPENED","file":"/home/models.py","tags":{"FILE_LINE_OF_CODE":"83"}}
{"ts":1698352227016,"action":"FILE_CLOSED","file":"/home/models.py","tags":{"FILE_LINE_OF_CODE":"83"}}
{"ts":1698352228168,"action":"FILE_OPENED","file":"/home/models.py","tags":{"FILE_LINE_OF_CODE":"83"}}
{"ts":1698352280043,"action":"IDE_DEACTIVATED"}
{"ts":1698352284416,"action":"IDE_ACTIVATED"}
{"ts":1698352398136,"action":"IDE_DEACTIVATED"}
{"ts":1698352481058,"action":"IDE_ACTIVATED"}
{"ts":1698352511696,"action":"IDE_DEACTIVATED"}
{"ts":1698352575631,"action":"IDE_ACTIVATED"}
{"ts":1698352583156,"action":"IDE_DEACTIVATED"}
{"ts":1698352598315,"action":"IDE_ACTIVATED"}
{"ts":1698352602694,"action":"IDE_DEACTIVATED"}
{"ts":1698353419136,"action":"IDE_ACTIVATED"}
{"ts":1698353450136,"action":"IDE_DEACTIVATED"}
{"ts":1698353474161,"action":"IDE_ACTIVATED"}
{"ts":1698353488000,"action":"IDE_DEACTIVATED"}
{"ts":1698358136067,"action":"IDE_ACTIVATED"}
{"ts":1698358137396,"action":"IDE_DEACTIVATED"}
{"ts":1698358137698,"action":"PROJECT_CLOSED","tags":{"PROJECT_NAME":"avatarex-site"}}
{"ts":1698394847011,"action":"FILE_OPENED","file":"/home/models.py","tags":{"FILE_LINE_OF_CODE":"83"}}
{"ts":1698394847665,"action":"IDE_DEACTIVATED"}
{"ts":1698394849736,"action":"PROJECT_OPENED","tags":{"PROJECT_NAME":"avatarex-site"}}
{"ts":1698399996944,"action":"IDE_ACTIVATED"}
{"ts":1698399999003,"action":"IDE_DEACTIVATED"}
{"ts":1698404461617,"action":"IDE_ACTIVATED"}
{"ts":1698404482336,"action":"IDE_DEACTIVATED"}
{"ts":1698404518730,"action":"IDE_ACTIVATED"}
{"ts":1698404525866,"action":"IDE_DEACTIVATED"}
{"ts":1698404530275,"action":"IDE_ACTIVATED"}
{"ts":1698404537367,"action":"FILE_CLOSED","file":"/home/models.py","tags":{"FILE_LINE_OF_CODE":"83"}}
{"ts":1698404537367,"action":"FILE_OPENED","file":"/home/api.py","tags":{"FILE_LINE_OF_CODE":"172"}}
{"ts":1698404542031,"action":"FILE_CLOSED","file":"/home/api.py","tags":{"FILE_LINE_OF_CODE":"172"}}
{"ts":1698404542032,"action":"FILE_OPENED","file":"/home/views.py","tags":{"FILE_LINE_OF_CODE":"414"}}
{"ts":1698404542548,"action":"FILE_CLOSED","file":"/home/views.py","tags":{"FILE_LINE_OF_CODE":"414"}}
{"ts":1698404542548,"action":"FILE_OPENED","file":"/home/urls.py","tags":{"FILE_LINE_OF_CODE":"43"}}
{"ts":1698404561428,"action":"FILE_CLOSED","file":"/home/urls.py","tags":{"FILE_LINE_OF_CODE":"43"}}
{"ts":1698404561428,"action":"FILE_OPENED","file":"/home/views.py","tags":{"FILE_LINE_OF_CODE":"414"}}
{"ts":1698404572801,"action":"IDE_DEACTIVATED"}
{"ts":1698404574333,"action":"IDE_ACTIVATED"}
{"ts":1698404606452,"action":"FILE_CLOSED","file":"/home/views.py","tags":{"FILE_LINE_OF_CODE":"414"}}
{"ts":1698404606452,"action":"FILE_OPENED","file":"/home/amo_auth.py","tags":{"FILE_LINE_OF_CODE":"117"}}
{"ts":1698404632611,"action":"FILE_CLOSED","file":"/home/amo_auth.py","tags":{"FILE_LINE_OF_CODE":"117"}}
{"ts":1698404632611,"action":"FILE_OPENED","file":"/home/api.py","tags":{"FILE_LINE_OF_CODE":"172"}}
{"ts":1698404633278,"action":"FILE_CLOSED","file":"/home/api.py","tags":{"FILE_LINE_OF_CODE":"172"}}
{"ts":1698404633283,"action":"FILE_OPENED","file":"/home/models.py","tags":{"FILE_LINE_OF_CODE":"83"}}
{"ts":1698404633783,"action":"FILE_CLOSED","file":"/home/models.py","tags":{"FILE_LINE_OF_CODE":"83"}}
{"ts":1698404633783,"action":"FILE_OPENED","file":"/home/views.py","tags":{"FILE_LINE_OF_CODE":"414"}}
{"ts":1698404634993,"action":"FILE_CLOSED","file":"/home/views.py","tags":{"FILE_LINE_OF_CODE":"414"}}
{"ts":1698404634993,"action":"FILE_OPENED","file":"/home/urls.py","tags":{"FILE_LINE_OF_CODE":"43"}}
{"ts":1698404637967,"action":"FILE_CLOSED","file":"/home/urls.py","tags":{"FILE_LINE_OF_CODE":"43"}}
{"ts":1698404637967,"action":"FILE_OPENED","file":"/home/amo_auth.py","tags":{"FILE_LINE_OF_CODE":"117"}}
{"ts":1698404641128,"action":"FILE_CLOSED","file":"/home/amo_auth.py","tags":{"FILE_LINE_OF_CODE":"117"}}
{"ts":1698404641128,"action":"FILE_OPENED","file":"/home/urls.py","tags":{"FILE_LINE_OF_CODE":"43"}}
{"ts":1698404645225,"action":"FILE_CLOSED","file":"/home/urls.py","tags":{"FILE_LINE_OF_CODE":"43"}}
{"ts":1698404645225,"action":"FILE_OPENED","file":"/home/amo_auth.py","tags":{"FILE_LINE_OF_CODE":"117"}}
{"ts":1698404654337,"action":"FILE_CLOSED","file":"/home/amo_auth.py","tags":{"FILE_LINE_OF_CODE":"117"}}
{"ts":1698404654337,"action":"FILE_OPENED","file":"/home/urls.py","tags":{"FILE_LINE_OF_CODE":"43"}}
{"ts":1698404656013,"action":"FILE_CLOSED","file":"/home/urls.py","tags":{"FILE_LINE_OF_CODE":"43"}}
{"ts":1698404656013,"action":"FILE_OPENED","file":"/home/models.py","tags":{"FILE_LINE_OF_CODE":"83"}}
{"ts":1698404657031,"action":"FILE_CLOSED","file":"/home/models.py","tags":{"FILE_LINE_OF_CODE":"83"}}
{"ts":1698404657031,"action":"FILE_OPENED","file":"/home/views.py","tags":{"FILE_LINE_OF_CODE":"414"}}
{"ts":1698404695524,"action":"FILE_CLOSED","file":"/home/views.py","tags":{"FILE_LINE_OF_CODE":"414"}}
{"ts":1698404695524,"action":"FILE_OPENED","file":"/home/amo_auth.py","tags":{"FILE_LINE_OF_CODE":"117"}}
{"ts":1698404703476,"action":"FILE_CLOSED","file":"/home/amo_auth.py","tags":{"FILE_LINE_OF_CODE":"117"}}
{"ts":1698404703476,"action":"FILE_OPENED","file":"/home/models.py","tags":{"FILE_LINE_OF_CODE":"83"}}
{"ts":1698404706108,"action":"FILE_CLOSED","file":"/home/models.py","tags":{"FILE_LINE_OF_CODE":"83"}}
{"ts":1698404706108,"action":"FILE_OPENED","file":"/home/amo_auth.py","tags":{"FILE_LINE_OF_CODE":"117"}}
{"ts":1698404711977,"action":"FILE_CLOSED","file":"/home/amo_auth.py","tags":{"FILE_LINE_OF_CODE":"117"}}
{"ts":1698404711977,"action":"FILE_OPENED","file":"/home/models.py","tags":{"FILE_LINE_OF_CODE":"83"}}
{"ts":1698404714978,"action":"FILE_CLOSED","file":"/home/models.py","tags":{"FILE_LINE_OF_CODE":"83"}}
{"ts":1698404714978,"action":"FILE_OPENED","file":"/home/amo_auth.py","tags":{"FILE_LINE_OF_CODE":"117"}}
{"ts":1698404721453,"action":"FILE_CLOSED","file":"/home/amo_auth.py","tags":{"FILE_LINE_OF_CODE":"117"}}
{"ts":1698404721453,"action":"FILE_OPENED","file":"/home/models.py","tags":{"FILE_LINE_OF_CODE":"83"}}
{"ts":1698404723143,"action":"FILE_CLOSED","file":"/home/models.py","tags":{"FILE_LINE_OF_CODE":"83"}}
{"ts":1698404723143,"action":"FILE_OPENED","file":"/home/amo_auth.py","tags":{"FILE_LINE_OF_CODE":"117"}}
{"ts":1698404726603,"action":"FILE_CLOSED","file":"/home/amo_auth.py","tags":{"FILE_LINE_OF_CODE":"117"}}
{"ts":1698404726604,"action":"FILE_OPENED","file":"/home/models.py","tags":{"FILE_LINE_OF_CODE":"83"}}
{"ts":1698404728104,"action":"FILE_CLOSED","file":"/home/models.py","tags":{"FILE_LINE_OF_CODE":"83"}}
{"ts":1698404728104,"action":"FILE_OPENED","file":"/home/amo_auth.py","tags":{"FILE_LINE_OF_CODE":"117"}}
{"ts":1698404731564,"action":"FILE_CLOSED","file":"/home/amo_auth.py","tags":{"FILE_LINE_OF_CODE":"117"}}
{"ts":1698404731564,"action":"FILE_OPENED","file":"/home/models.py","tags":{"FILE_LINE_OF_CODE":"83"}}
{"ts":1698404745154,"action":"FILE_CLOSED","file":"/home/models.py","tags":{"FILE_LINE_OF_CODE":"83"}}
{"ts":1698404745154,"action":"FILE_OPENED","file":"/home/amo_auth.py","tags":{"FILE_LINE_OF_CODE":"117"}}
{"ts":1698404755862,"action":"FILE_CLOSED","file":"/home/amo_auth.py","tags":{"FILE_LINE_OF_CODE":"118"}}
{"ts":1698404755862,"action":"FILE_OPENED","file":"/home/models.py","tags":{"FILE_LINE_OF_CODE":"83"}}
{"ts":1698404761167,"action":"FILE_CLOSED","file":"/home/models.py","tags":{"FILE_LINE_OF_CODE":"83"}}
{"ts":1698404761167,"action":"FILE_OPENED","file":"/home/views.py","tags":{"FILE_LINE_OF_CODE":"414"}}
{"ts":1698404762168,"action":"FILE_CLOSED","file":"/home/views.py","tags":{"FILE_LINE_OF_CODE":"414"}}
{"ts":1698404762168,"action":"FILE_OPENED","file":"/home/amo_auth.py","tags":{"FILE_LINE_OF_CODE":"118"}}
{"ts":1698404786842,"action":"FILE_CLOSED","file":"/home/amo_auth.py","tags":{"FILE_LINE_OF_CODE":"120"}}
{"ts":1698404786842,"action":"FILE_OPENED","file":"/home/views.py","tags":{"FILE_LINE_OF_CODE":"414"}}
{"ts":1698404787597,"action":"FILE_CLOSED","file":"/home/views.py","tags":{"FILE_LINE_OF_CODE":"414"}}
{"ts":1698404787597,"action":"FILE_OPENED","file":"/home/models.py","tags":{"FILE_LINE_OF_CODE":"83"}}
{"ts":1698404788900,"action":"FILE_CLOSED","file":"/home/models.py","tags":{"FILE_LINE_OF_CODE":"83"}}
{"ts":1698404788900,"action":"FILE_OPENED","file":"/home/views.py","tags":{"FILE_LINE_OF_CODE":"414"}}
{"ts":1698404789628,"action":"FILE_CLOSED","file":"/home/views.py","tags":{"FILE_LINE_OF_CODE":"414"}}
{"ts":1698404789628,"action":"FILE_OPENED","file":"/home/models.py","tags":{"FILE_LINE_OF_CODE":"83"}}
{"ts":1698404791042,"action":"FILE_CLOSED","file":"/home/models.py","tags":{"FILE_LINE_OF_CODE":"83"}}
{"ts":1698404791042,"action":"FILE_OPENED","file":"/home/amo_auth.py","tags":{"FILE_LINE_OF_CODE":"120"}}
{"ts":1698404806263,"action":"FILE_CLOSED","file":"/home/amo_auth.py","tags":{"FILE_LINE_OF_CODE":"120"}}
{"ts":1698404806263,"action":"FILE_OPENED","file":"/home/views.py","tags":{"FILE_LINE_OF_CODE":"414"}}
{"ts":1698404807737,"action":"FILE_CLOSED","file":"/home/views.py","tags":{"FILE_LINE_OF_CODE":"414"}}
{"ts":1698404807737,"action":"FILE_OPENED","file":"/home/models.py","tags":{"FILE_LINE_OF_CODE":"83"}}
{"ts":1698404814491,"action":"FILE_CLOSED","file":"/home/models.py","tags":{"FILE_LINE_OF_CODE":"83"}}
{"ts":1698404814491,"action":"FILE_OPENED","file":"/home/views.py","tags":{"FILE_LINE_OF_CODE":"414"}}
{"ts":1698404815613,"action":"FILE_CLOSED","file":"/home/views.py","tags":{"FILE_LINE_OF_CODE":"414"}}
{"ts":1698404815613,"action":"FILE_OPENED","file":"/home/amo_auth.py","tags":{"FILE_LINE_OF_CODE":"120"}}
{"ts":1698404823006,"action":"FILE_CLOSED","file":"/home/amo_auth.py","tags":{"FILE_LINE_OF_CODE":"121"}}
{"ts":1698404823006,"action":"FILE_OPENED","file":"/home/models.py","tags":{"FILE_LINE_OF_CODE":"83"}}
{"ts":1698404825080,"action":"FILE_CLOSED","file":"/home/models.py","tags":{"FILE_LINE_OF_CODE":"83"}}
{"ts":1698404825080,"action":"FILE_OPENED","file":"/home/views.py","tags":{"FILE_LINE_OF_CODE":"414"}}
{"ts":1698404826104,"action":"FILE_CLOSED","file":"/home/views.py","tags":{"FILE_LINE_OF_CODE":"414"}}
{"ts":1698404826104,"action":"FILE_OPENED","file":"/home/models.py","tags":{"FILE_LINE_OF_CODE":"83"}}
{"ts":1698404827028,"action":"FILE_CLOSED","file":"/home/models.py","tags":{"FILE_LINE_OF_CODE":"83"}}
{"ts":1698404827028,"action":"FILE_OPENED","file":"/home/amo_auth.py","tags":{"FILE_LINE_OF_CODE":"121"}}
{"ts":1698404845342,"action":"FILE_CLOSED","file":"/home/amo_auth.py","tags":{"FILE_LINE_OF_CODE":"124"}}
{"ts":1698404845342,"action":"FILE_OPENED","file":"/home/models.py","tags":{"FILE_LINE_OF_CODE":"83"}}
{"ts":1698404852057,"action":"FILE_CLOSED","file":"/home/models.py","tags":{"FILE_LINE_OF_CODE":"83"}}
{"ts":1698404852057,"action":"FILE_OPENED","file":"/home/amo_auth.py","tags":{"FILE_LINE_OF_CODE":"124"}}
{"ts":1698404890442,"action":"FILE_CLOSED","file":"/home/amo_auth.py","tags":{"FILE_LINE_OF_CODE":"127"}}
{"ts":1698404890442,"action":"FILE_OPENED","file":"/home/models.py","tags":{"FILE_LINE_OF_CODE":"83"}}
{"ts":1698404893855,"action":"FILE_CLOSED","file":"/home/models.py","tags":{"FILE_LINE_OF_CODE":"83"}}
{"ts":1698404893855,"action":"FILE_OPENED","file":"/home/views.py","tags":{"FILE_LINE_OF_CODE":"414"}}
{"ts":1698404894756,"action":"FILE_CLOSED","file":"/home/views.py","tags":{"FILE_LINE_OF_CODE":"414"}}
{"ts":1698404894756,"action":"FILE_OPENED","file":"/home/amo_auth.py","tags":{"FILE_LINE_OF_CODE":"127"}}
{"ts":1698404896308,"action":"FILE_CLOSED","file":"/home/amo_auth.py","tags":{"FILE_LINE_OF_CODE":"127"}}
{"ts":1698404896308,"action":"FILE_OPENED","file":"/home/models.py","tags":{"FILE_LINE_OF_CODE":"83"}}
{"ts":1698404905721,"action":"FILE_CLOSED","file":"/home/models.py","tags":{"FILE_LINE_OF_CODE":"83"}}
{"ts":1698404905721,"action":"FILE_OPENED","file":"/home/views.py","tags":{"FILE_LINE_OF_CODE":"414"}}
{"ts":1698404906745,"action":"FILE_CLOSED","file":"/home/views.py","tags":{"FILE_LINE_OF_CODE":"414"}}
{"ts":1698404906745,"action":"FILE_OPENED","file":"/home/amo_auth.py","tags":{"FILE_LINE_OF_CODE":"127"}}
{"ts":1698404960001,"action":"FILE_CLOSED","file":"/home/amo_auth.py","tags":{"FILE_LINE_OF_CODE":"132"}}
{"ts":1698404960001,"action":"FILE_OPENED","file":"/home/models.py","tags":{"FILE_LINE_OF_CODE":"83"}}
{"ts":1698404963034,"action":"FILE_CLOSED","file":"/home/models.py","tags":{"FILE_LINE_OF_CODE":"83"}}
{"ts":1698404963037,"action":"FILE_OPENED","file":"/home/views.py","tags":{"FILE_LINE_OF_CODE":"414"}}
{"ts":1698404965487,"action":"FILE_CLOSED","file":"/home/views.py","tags":{"FILE_LINE_OF_CODE":"414"}}
{"ts":1698404965487,"action":"FILE_OPENED","file":"/home/amo_auth.py","tags":{"FILE_LINE_OF_CODE":"132"}}
{"ts":1698404968440,"action":"FILE_CLOSED","file":"/home/amo_auth.py","tags":{"FILE_LINE_OF_CODE":"132"}}
{"ts":1698404968440,"action":"FILE_OPENED","file":"/home/models.py","tags":{"FILE_LINE_OF_CODE":"83"}}
{"ts":1698404973870,"action":"FILE_CLOSED","file":"/home/models.py","tags":{"FILE_LINE_OF_CODE":"83"}}
{"ts":1698404973870,"action":"FILE_OPENED","file":"/home/views.py","tags":{"FILE_LINE_OF_CODE":"414"}}
{"ts":1698404974750,"action":"FILE_CLOSED","file":"/home/views.py","tags":{"FILE_LINE_OF_CODE":"414"}}
{"ts":1698404974750,"action":"FILE_OPENED","file":"/home/amo_auth.py","tags":{"FILE_LINE_OF_CODE":"132"}}
{"ts":1698404986579,"action":"FILE_CLOSED","file":"/home/amo_auth.py","tags":{"FILE_LINE_OF_CODE":"132"}}
{"ts":1698404986579,"action":"FILE_OPENED","file":"/home/models.py","tags":{"FILE_LINE_OF_CODE":"83"}}
{"ts":1698404989069,"action":"FILE_CLOSED","file":"/home/models.py","tags":{"FILE_LINE_OF_CODE":"83"}}
{"ts":1698404989069,"action":"FILE_OPENED","file":"/home/amo_auth.py","tags":{"FILE_LINE_OF_CODE":"132"}}
{"ts":1698404998607,"action":"FILE_CLOSED","file":"/home/amo_auth.py","tags":{"FILE_LINE_OF_CODE":"132"}}
{"ts":1698404998607,"action":"FILE_OPENED","file":"/home/models.py","tags":{"FILE_LINE_OF_CODE":"83"}}
{"ts":1698405001085,"action":"FILE_CLOSED","file":"/home/models.py","tags":{"FILE_LINE_OF_CODE":"83"}}
{"ts":1698405001085,"action":"FILE_OPENED","file":"/home/amo_auth.py","tags":{"FILE_LINE_OF_CODE":"132"}}
{"ts":1698405011184,"action":"FILE_CLOSED","file":"/home/amo_auth.py","tags":{"FILE_LINE_OF_CODE":"132"}}
{"ts":1698405011184,"action":"FILE_OPENED","file":"/home/models.py","tags":{"FILE_LINE_OF_CODE":"83"}}
{"ts":1698405013122,"action":"FILE_CLOSED","file":"/home/models.py","tags":{"FILE_LINE_OF_CODE":"83"}}
{"ts":1698405013122,"action":"FILE_OPENED","file":"/home/views.py","tags":{"FILE_LINE_OF_CODE":"414"}}
{"ts":1698405014123,"action":"FILE_CLOSED","file":"/home/views.py","tags":{"FILE_LINE_OF_CODE":"414"}}
{"ts":1698405014123,"action":"FILE_OPENED","file":"/home/amo_auth.py","tags":{"FILE_LINE_OF_CODE":"132"}}
{"ts":1698405101048,"action":"FILE_CLOSED","file":"/home/amo_auth.py","tags":{"FILE_LINE_OF_CODE":"140"}}
{"ts":1698405101048,"action":"FILE_OPENED","file":"/home/models.py","tags":{"FILE_LINE_OF_CODE":"83"}}
{"ts":1698405143523,"action":"IDE_DEACTIVATED"}
{"ts":1698405254670,"action":"IDE_ACTIVATED"}
{"ts":1698405255903,"action":"IDE_DEACTIVATED"}
{"ts":1698405257249,"action":"IDE_ACTIVATED"}
{"ts":1698405304540,"action":"FILE_CLOSED","file":"/home/models.py","tags":{"FILE_LINE_OF_CODE":"84"}}
{"ts":1698405304540,"action":"FILE_OPENED","file":"/home/amo_auth.py","tags":{"FILE_LINE_OF_CODE":"140"}}
{"ts":1698405306827,"action":"FILE_CLOSED","file":"/home/amo_auth.py","tags":{"FILE_LINE_OF_CODE":"140"}}
{"ts":1698405306827,"action":"FILE_OPENED","file":"/home/models.py","tags":{"FILE_LINE_OF_CODE":"84"}}
{"ts":1698405327544,"action":"IDE_DEACTIVATED"}
{"ts":1698405375946,"action":"IDE_ACTIVATED"}
{"ts":1698405377535,"action":"IDE_DEACTIVATED"}
{"ts":1698405384868,"action":"IDE_ACTIVATED"}
{"ts":1698405403672,"action":"FILE_CLOSED","file":"/home/models.py","tags":{"FILE_LINE_OF_CODE":"84"}}
{"ts":1698405416986,"action":"FILE_OPENED","file":"/home/models.py","tags":{"FILE_LINE_OF_CODE":"84"}}
{"ts":1698405484170,"action":"IDE_DEACTIVATED"}
{"ts":1698405491254,"action":"IDE_ACTIVATED"}
{"ts":1698405501894,"action":"FILE_CLOSED","file":"/home/models.py","tags":{"FILE_LINE_OF_CODE":"78"}}
{"ts":1698405501894,"action":"FILE_OPENED","file":"/home/amo_auth.py","tags":{"FILE_LINE_OF_CODE":"140"}}
{"ts":1698405511392,"action":"FILE_CLOSED","file":"/home/amo_auth.py","tags":{"FILE_LINE_OF_CODE":"140"}}
{"ts":1698405511392,"action":"FILE_OPENED","file":"/home/models.py","tags":{"FILE_LINE_OF_CODE":"78"}}
{"ts":1698405512110,"action":"FILE_CLOSED","file":"/home/models.py","tags":{"FILE_LINE_OF_CODE":"78"}}
{"ts":1698405512110,"action":"FILE_OPENED","file":"/home/amo_auth.py","tags":{"FILE_LINE_OF_CODE":"140"}}
{"ts":1698405517949,"action":"FILE_CLOSED","file":"/home/amo_auth.py","tags":{"FILE_LINE_OF_CODE":"140"}}
{"ts":1698405517949,"action":"FILE_OPENED","file":"/home/models.py","tags":{"FILE_LINE_OF_CODE":"78"}}
{"ts":1698405548681,"action":"FILE_CLOSED","file":"/home/models.py","tags":{"FILE_LINE_OF_CODE":"78"}}
{"ts":1698405548681,"action":"FILE_OPENED","file":"/home/amo_auth.py","tags":{"FILE_LINE_OF_CODE":"140"}}
{"ts":1698405559438,"action":"IDE_DEACTIVATED"}
{"ts":1698405559820,"action":"IDE_ACTIVATED"}
{"ts":1698405568499,"action":"IDE_DEACTIVATED"}
{"ts":1698405582740,"action":"IDE_ACTIVATED"}
{"ts":1698405728068,"action":"IDE_DEACTIVATED"}
{"ts":1698405788262,"action":"IDE_ACTIVATED"}
{"ts":1698405804082,"action":"IDE_DEACTIVATED"}
{"ts":1698406004896,"action":"IDE_ACTIVATED"}
{"ts":1698406026428,"action":"IDE_DEACTIVATED"}
{"ts":1698406041424,"action":"IDE_ACTIVATED"}
{"ts":1698406042344,"action":"IDE_DEACTIVATED"}
{"ts":1698406067427,"action":"IDE_ACTIVATED"}
{"ts":1698406091487,"action":"FILE_CLOSED","file":"/home/amo_auth.py","tags":{"FILE_LINE_OF_CODE":"139"}}
{"ts":1698406091487,"action":"FILE_OPENED","file":"/home/views.py","tags":{"FILE_LINE_OF_CODE":"414"}}
{"ts":1698406128765,"action":"FILE_CLOSED","file":"/home/old_views.py","tags":{"FILE_LINE_OF_CODE":"414"}}
{"ts":1698406128765,"action":"FILE_OPENED","file":"/home/urls.py","tags":{"FILE_LINE_OF_CODE":"43"}}
{"ts":1698406147024,"action":"FILE_CLOSED","file":"/home/urls.py","tags":{"FILE_LINE_OF_CODE":"43"}}
{"ts":1698406147024,"action":"FILE_OPENED","file":"/home/new_views.py","tags":{"FILE_LINE_OF_CODE":"0"}}
{"ts":1698406149782,"action":"FILE_CLOSED","file":"/home/new_views.py","tags":{"FILE_LINE_OF_CODE":"0"}}
{"ts":1698406149782,"action":"FILE_OPENED","file":"/home/models.py","tags":{"FILE_LINE_OF_CODE":"78"}}
{"ts":1698406153583,"action":"FILE_CLOSED","file":"/home/models.py","tags":{"FILE_LINE_OF_CODE":"78"}}
{"ts":1698406153583,"action":"FILE_OPENED","file":"/home/views.py","tags":{"FILE_LINE_OF_CODE":"414"}}
{"ts":1698406156538,"action":"FILE_CLOSED","file":"/home/views.py","tags":{"FILE_LINE_OF_CODE":"414"}}
{"ts":1698406156538,"action":"FILE_OPENED","file":"/home/new_views.py","tags":{"FILE_LINE_OF_CODE":"0"}}
{"ts":1698406164054,"action":"IDE_DEACTIVATED"}
{"ts":1698406181028,"action":"IDE_ACTIVATED"}
{"ts":1698406193970,"action":"IDE_DEACTIVATED"}
{"ts":1698406194625,"action":"IDE_ACTIVATED"}
{"ts":1698406197185,"action":"IDE_DEACTIVATED"}
{"ts":1698406197737,"action":"IDE_ACTIVATED"}
{"ts":1698406198937,"action":"IDE_DEACTIVATED"}
{"ts":1698406201027,"action":"IDE_ACTIVATED"}
{"ts":1698406255465,"action":"FILE_CLOSED","file":"/home/new_views.py","tags":{"FILE_LINE_OF_CODE":"22"}}
{"ts":1698406255465,"action":"FILE_OPENED","file":"/home/views.py","tags":{"FILE_LINE_OF_CODE":"414"}}
{"ts":1698406263745,"action":"FILE_CLOSED","file":"/home/views.py","tags":{"FILE_LINE_OF_CODE":"414"}}
{"ts":1698406263745,"action":"FILE_OPENED","file":"/home/new_views.py","tags":{"FILE_LINE_OF_CODE":"22"}}
{"ts":1698406271637,"action":"FILE_CLOSED","file":"/home/new_views.py","tags":{"FILE_LINE_OF_CODE":"24"}}
{"ts":1698406271637,"action":"FILE_OPENED","file":"/home/urls.py","tags":{"FILE_LINE_OF_CODE":"43"}}
{"ts":1698406273249,"action":"FILE_CLOSED","file":"/home/urls.py","tags":{"FILE_LINE_OF_CODE":"43"}}
{"ts":1698406273249,"action":"FILE_OPENED","file":"/home/models.py","tags":{"FILE_LINE_OF_CODE":"78"}}
{"ts":1698406274109,"action":"FILE_CLOSED","file":"/home/models.py","tags":{"FILE_LINE_OF_CODE":"78"}}
{"ts":1698406274109,"action":"FILE_OPENED","file":"/home/amo_auth.py","tags":{"FILE_LINE_OF_CODE":"139"}}
{"ts":1698406274990,"action":"FILE_CLOSED","file":"/home/amo_auth.py","tags":{"FILE_LINE_OF_CODE":"139"}}
{"ts":1698406274990,"action":"FILE_OPENED","file":"/home/views.py","tags":{"FILE_LINE_OF_CODE":"414"}}
{"ts":1698406293451,"action":"FILE_CLOSED","file":"/home/views.py","tags":{"FILE_LINE_OF_CODE":"414"}}
{"ts":1698406293451,"action":"FILE_OPENED","file":"/home/models.py","tags":{"FILE_LINE_OF_CODE":"78"}}
{"ts":1698406294731,"action":"FILE_CLOSED","file":"/home/models.py","tags":{"FILE_LINE_OF_CODE":"78"}}
{"ts":1698406294731,"action":"FILE_OPENED","file":"/home/urls.py","tags":{"FILE_LINE_OF_CODE":"43"}}
{"ts":1698406295618,"action":"FILE_CLOSED","file":"/home/urls.py","tags":{"FILE_LINE_OF_CODE":"43"}}
{"ts":1698406295618,"action":"FILE_OPENED","file":"/home/new_views.py","tags":{"FILE_LINE_OF_CODE":"24"}}
{"ts":1698406345580,"action":"FILE_CLOSED","file":"/home/new_views.py","tags":{"FILE_LINE_OF_CODE":"24"}}
{"ts":1698406345580,"action":"FILE_OPENED","file":"/templates/home/modes/database_mode.html","tags":{"FILE_LINE_OF_CODE":"10"}}
{"ts":1698406347597,"action":"FILE_CLOSED","file":"/templates/home/modes/database_mode.html","tags":{"FILE_LINE_OF_CODE":"10"}}
{"ts":1698406347605,"action":"FILE_OPENED","file":"/home/new_views.py","tags":{"FILE_LINE_OF_CODE":"24"}}
{"ts":1698406357298,"action":"FILE_CLOSED","file":"/home/new_views.py","tags":{"FILE_LINE_OF_CODE":"24"}}
{"ts":1698406357298,"action":"FILE_OPENED","file":"/templates/home/modes/knowledge_mode.html","tags":{"FILE_LINE_OF_CODE":"10"}}
{"ts":1698406360494,"action":"FILE_CLOSED","file":"/templates/home/modes/knowledge_mode.html","tags":{"FILE_LINE_OF_CODE":"10"}}
{"ts":1698406374010,"action":"FILE_OPENED","file":"/home/new_views.py","tags":{"FILE_LINE_OF_CODE":"24"}}
{"ts":1698406374016,"action":"FILE_CLOSED","file":"/home/new_views.py","tags":{"FILE_LINE_OF_CODE":"24"}}
{"ts":1698406374016,"action":"FILE_OPENED","file":"/templates/home/modes/database_and_knowledge_mode.html","tags":{"FILE_LINE_OF_CODE":"10"}}
{"ts":1698406375508,"action":"FILE_CLOSED","file":"/templates/home/modes/database_and_knowledge_mode.html","tags":{"FILE_LINE_OF_CODE":"10"}}
{"ts":1698406375510,"action":"FILE_OPENED","file":"/home/new_views.py","tags":{"FILE_LINE_OF_CODE":"24"}}
{"ts":1698406387973,"action":"FILE_CLOSED","file":"/home/new_views.py","tags":{"FILE_LINE_OF_CODE":"24"}}
{"ts":1698406387973,"action":"FILE_OPENED","file":"/templates/home/modes/prompt_mode.html","tags":{"FILE_LINE_OF_CODE":"10"}}
{"ts":1698406393653,"action":"FILE_CLOSED","file":"/templates/home/modes/prompt_mode.html","tags":{"FILE_LINE_OF_CODE":"10"}}
{"ts":1698406393656,"action":"FILE_OPENED","file":"/home/new_views.py","tags":{"FILE_LINE_OF_CODE":"24"}}
{"ts":1698406395591,"action":"FILE_CLOSED","file":"/home/new_views.py","tags":{"FILE_LINE_OF_CODE":"24"}}
{"ts":1698406395594,"action":"FILE_OPENED","file":"/home/urls.py","tags":{"FILE_LINE_OF_CODE":"43"}}
{"ts":1698406412664,"action":"IDE_DEACTIVATED"}
{"ts":1698406414368,"action":"IDE_ACTIVATED"}
{"ts":1698406417815,"action":"IDE_DEACTIVATED"}
{"ts":1698406422079,"action":"IDE_ACTIVATED"}
{"ts":1698406455082,"action":"IDE_DEACTIVATED"}
{"ts":1698406457279,"action":"IDE_ACTIVATED"}
{"ts":1698406485875,"action":"IDE_DEACTIVATED"}
{"ts":1698406509972,"action":"IDE_ACTIVATED"}
{"ts":1698406538870,"action":"IDE_DEACTIVATED"}
{"ts":1698406544640,"action":"IDE_ACTIVATED"}
{"ts":1698406668890,"action":"FILE_CLOSED","file":"/home/urls.py","tags":{"FILE_LINE_OF_CODE":"53"}}
{"ts":1698406668890,"action":"FILE_OPENED","file":"/home/models.py","tags":{"FILE_LINE_OF_CODE":"78"}}
{"ts":1698406670426,"action":"FILE_CLOSED","file":"/home/models.py","tags":{"FILE_LINE_OF_CODE":"78"}}
{"ts":1698406670426,"action":"FILE_OPENED","file":"/home/views.py","tags":{"FILE_LINE_OF_CODE":"414"}}
{"ts":1698407174039,"action":"FILE_CLOSED","file":"/home/views.py","tags":{"FILE_LINE_OF_CODE":"413"}}
{"ts":1698407174039,"action":"FILE_OPENED","file":"/home/models.py","tags":{"FILE_LINE_OF_CODE":"78"}}
{"ts":1698407174830,"action":"FILE_CLOSED","file":"/home/models.py","tags":{"FILE_LINE_OF_CODE":"78"}}
{"ts":1698407174830,"action":"FILE_OPENED","file":"/home/urls.py","tags":{"FILE_LINE_OF_CODE":"53"}}
{"ts":1698407178397,"action":"FILE_CLOSED","file":"/home/urls.py","tags":{"FILE_LINE_OF_CODE":"53"}}
{"ts":1698407178397,"action":"FILE_OPENED","file":"/home/new_views.py","tags":{"FILE_LINE_OF_CODE":"24"}}
{"ts":1698407182524,"action":"IDE_DEACTIVATED"}
{"ts":1698407192248,"action":"IDE_ACTIVATED"}
{"ts":1698407197200,"action":"FILE_CLOSED","file":"/home/new_views.py","tags":{"FILE_LINE_OF_CODE":"24"}}
{"ts":1698407197200,"action":"FILE_OPENED","file":"/templates/home/modes/prompt_mode.html","tags":{"FILE_LINE_OF_CODE":"10"}}
{"ts":1698407200941,"action":"FILE_CLOSED","file":"/templates/home/modes/prompt_mode.html","tags":{"FILE_LINE_OF_CODE":"10"}}
{"ts":1698407200941,"action":"FILE_OPENED","file":"/templates/home/old_ code/db_mode.html","tags":{"FILE_LINE_OF_CODE":"65"}}
{"ts":1698407201573,"action":"FILE_CLOSED","file":"/templates/home/old_ code/db_mode.html","tags":{"FILE_LINE_OF_CODE":"65"}}
{"ts":1698407201573,"action":"FILE_OPENED","file":"/templates/home/old_ code/default_mode.html","tags":{"FILE_LINE_OF_CODE":"70"}}
{"ts":1698407207886,"action":"FILE_CLOSED","file":"/templates/home/old_ code/default_mode.html","tags":{"FILE_LINE_OF_CODE":"70"}}
{"ts":1698407207886,"action":"FILE_OPENED","file":"/templates/home/modes/prompt_mode.html","tags":{"FILE_LINE_OF_CODE":"10"}}
{"ts":1698407236947,"action":"FILE_CLOSED","file":"/templates/home/modes/prompt_mode.html","tags":{"FILE_LINE_OF_CODE":"62"}}
{"ts":1698407236947,"action":"FILE_OPENED","file":"/home/views.py","tags":{"FILE_LINE_OF_CODE":"413"}}
{"ts":1698407316014,"action":"FILE_CLOSED","file":"/home/views.py","tags":{"FILE_LINE_OF_CODE":"412"}}
{"ts":1698407316014,"action":"FILE_OPENED","file":"/home/forms.py","tags":{"FILE_LINE_OF_CODE":"42"}}
{"ts":1698407331134,"action":"FILE_CLOSED","file":"/home/forms.py","tags":{"FILE_LINE_OF_CODE":"35"}}
{"ts":1698407331134,"action":"FILE_OPENED","file":"/home/views.py","tags":{"FILE_LINE_OF_CODE":"412"}}
{"ts":1698407338229,"action":"FILE_CLOSED","file":"/home/views.py","tags":{"FILE_LINE_OF_CODE":"412"}}
{"ts":1698407338229,"action":"FILE_OPENED","file":"/home/models.py","tags":{"FILE_LINE_OF_CODE":"78"}}
{"ts":1698407344835,"action":"FILE_CLOSED","file":"/home/models.py","tags":{"FILE_LINE_OF_CODE":"78"}}
{"ts":1698407344835,"action":"FILE_OPENED","file":"/home/views.py","tags":{"FILE_LINE_OF_CODE":"412"}}
{"ts":1698407367538,"action":"FILE_CLOSED","file":"/home/views.py","tags":{"FILE_LINE_OF_CODE":"413"}}
{"ts":1698407367538,"action":"FILE_OPENED","file":"/home/new_views.py","tags":{"FILE_LINE_OF_CODE":"24"}}
{"ts":1698407571003,"action":"IDE_DEACTIVATED"}
{"ts":1698407583146,"action":"IDE_ACTIVATED"}
{"ts":1698407728309,"action":"FILE_CLOSED","file":"/home/new_views.py","tags":{"FILE_LINE_OF_CODE":"63"}}
{"ts":1698407728309,"action":"FILE_OPENED","file":"/home/urls.py","tags":{"FILE_LINE_OF_CODE":"53"}}
{"ts":1698407750006,"action":"IDE_DEACTIVATED"}
{"ts":1698407753571,"action":"IDE_ACTIVATED"}
{"ts":1698407755696,"action":"IDE_DEACTIVATED"}
{"ts":1698407757042,"action":"IDE_ACTIVATED"}
{"ts":1698407757807,"action":"IDE_DEACTIVATED"}
{"ts":1698407761546,"action":"IDE_ACTIVATED"}
{"ts":1698407761996,"action":"IDE_DEACTIVATED"}
{"ts":1698407780009,"action":"IDE_ACTIVATED"}
{"ts":1698407784771,"action":"IDE_DEACTIVATED"}
{"ts":1698407786758,"action":"IDE_ACTIVATED"}
{"ts":1698407797213,"action":"FILE_CLOSED","file":"/home/urls.py","tags":{"FILE_LINE_OF_CODE":"53"}}
{"ts":1698407797213,"action":"FILE_OPENED","file":"/home/models.py","tags":{"FILE_LINE_OF_CODE":"78"}}
{"ts":1698407798259,"action":"FILE_CLOSED","file":"/home/models.py","tags":{"FILE_LINE_OF_CODE":"78"}}
{"ts":1698407798259,"action":"FILE_OPENED","file":"/home/forms.py","tags":{"FILE_LINE_OF_CODE":"35"}}
{"ts":1698407801515,"action":"FILE_CLOSED","file":"/home/forms.py","tags":{"FILE_LINE_OF_CODE":"35"}}
{"ts":1698407801515,"action":"FILE_OPENED","file":"/home/new_views.py","tags":{"FILE_LINE_OF_CODE":"63"}}
{"ts":1698407827001,"action":"IDE_DEACTIVATED"}
{"ts":1698407828779,"action":"IDE_ACTIVATED"}
{"ts":1698407829246,"action":"IDE_DEACTIVATED"}
{"ts":1698407832047,"action":"IDE_ACTIVATED"}
{"ts":1698407832521,"action":"IDE_DEACTIVATED"}
{"ts":1698407854797,"action":"IDE_ACTIVATED"}
{"ts":1698407856792,"action":"IDE_DEACTIVATED"}
{"ts":1698407860017,"action":"IDE_ACTIVATED"}
{"ts":1698407871154,"action":"IDE_DEACTIVATED"}
{"ts":1698407897207,"action":"IDE_ACTIVATED"}
{"ts":1698407984906,"action":"IDE_DEACTIVATED"}
{"ts":1698408003455,"action":"IDE_ACTIVATED"}
{"ts":1698408006646,"action":"IDE_DEACTIVATED"}
{"ts":1698408007644,"action":"IDE_ACTIVATED"}
{"ts":1698408008662,"action":"IDE_DEACTIVATED"}
{"ts":1698408010574,"action":"IDE_ACTIVATED"}
{"ts":1698408019024,"action":"IDE_DEACTIVATED"}
{"ts":1698408031567,"action":"IDE_ACTIVATED"}
{"ts":1698408042232,"action":"FILE_CLOSED","file":"/home/new_views.py","tags":{"FILE_LINE_OF_CODE":"61"}}
{"ts":1698408068095,"action":"IDE_DEACTIVATED"}
{"ts":1698408069299,"action":"IDE_ACTIVATED"}
{"ts":1698408078310,"action":"IDE_DEACTIVATED"}
{"ts":1698408097165,"action":"IDE_ACTIVATED"}
{"ts":1698408099363,"action":"FILE_OPENED","file":"/home/urls.py","tags":{"FILE_LINE_OF_CODE":"53"}}
{"ts":1698408100217,"action":"FILE_CLOSED","file":"/home/urls.py","tags":{"FILE_LINE_OF_CODE":"53"}}
{"ts":1698408100217,"action":"FILE_OPENED","file":"/home/models.py","tags":{"FILE_LINE_OF_CODE":"78"}}
{"ts":1698408103750,"action":"FILE_CLOSED","file":"/home/models.py","tags":{"FILE_LINE_OF_CODE":"78"}}
{"ts":1698408103750,"action":"FILE_OPENED","file":"/home/forms.py","tags":{"FILE_LINE_OF_CODE":"35"}}
{"ts":1698408104332,"action":"FILE_CLOSED","file":"/home/forms.py","tags":{"FILE_LINE_OF_CODE":"35"}}
{"ts":1698408104332,"action":"FILE_OPENED","file":"/home/views.py","tags":{"FILE_LINE_OF_CODE":"413"}}
{"ts":1698408105595,"action":"FILE_CLOSED","file":"/home/views.py","tags":{"FILE_LINE_OF_CODE":"413"}}
{"ts":1698408105595,"action":"FILE_OPENED","file":"/home/urls.py","tags":{"FILE_LINE_OF_CODE":"53"}}
{"ts":1698408106316,"action":"FILE_CLOSED","file":"/home/urls.py","tags":{"FILE_LINE_OF_CODE":"53"}}
{"ts":1698408106316,"action":"FILE_OPENED","file":"/home/new_views.py","tags":{"FILE_LINE_OF_CODE":"61"}}
{"ts":1698408109981,"action":"FILE_CLOSED","file":"/home/new_views.py","tags":{"FILE_LINE_OF_CODE":"61"}}
{"ts":1698408118069,"action":"IDE_DEACTIVATED"}
{"ts":1698408119075,"action":"IDE_ACTIVATED"}
{"ts":1698408132666,"action":"FILE_OPENED","file":"/home/new_views.py","tags":{"FILE_LINE_OF_CODE":"61"}}
{"ts":1698408145288,"action":"IDE_DEACTIVATED"}
{"ts":1698408145806,"action":"IDE_ACTIVATED"}
{"ts":1698408146167,"action":"IDE_DEACTIVATED"}
{"ts":1698408148646,"action":"IDE_ACTIVATED"}
{"ts":1698408149519,"action":"IDE_DEACTIVATED"}
{"ts":1698408152010,"action":"IDE_ACTIVATED"}
{"ts":1698408171420,"action":"IDE_DEACTIVATED"}
{"ts":1698408175856,"action":"IDE_ACTIVATED"}
{"ts":1698408178118,"action":"IDE_DEACTIVATED"}
{"ts":1698408181396,"action":"IDE_ACTIVATED"}
{"ts":1698408196446,"action":"IDE_DEACTIVATED"}
{"ts":1698408198953,"action":"IDE_ACTIVATED"}
{"ts":1698408201162,"action":"IDE_DEACTIVATED"}
{"ts":1698408207817,"action":"IDE_ACTIVATED"}
{"ts":1698408229064,"action":"IDE_DEACTIVATED"}
{"ts":1698408250536,"action":"IDE_ACTIVATED"}
{"ts":1698408436430,"action":"FILE_CLOSED","file":"/home/new_views.py","tags":{"FILE_LINE_OF_CODE":"62"}}
{"ts":1698408436430,"action":"FILE_OPENED","file":"/templates/home/old_ code/db_mode.html","tags":{"FILE_LINE_OF_CODE":"65"}}
{"ts":1698408456280,"action":"FILE_CLOSED","file":"/templates/home/old_ code/db_mode.html","tags":{"FILE_LINE_OF_CODE":"65"}}
{"ts":1698408456280,"action":"FILE_OPENED","file":"/templates/home/modes/database_mode.html","tags":{"FILE_LINE_OF_CODE":"10"}}
{"ts":1698408551345,"action":"FILE_CLOSED","file":"/templates/home/modes/database_mode.html","tags":{"FILE_LINE_OF_CODE":"65"}}
{"ts":1698408551345,"action":"FILE_OPENED","file":"/templates/home/components/upload-file.html","tags":{"FILE_LINE_OF_CODE":"8"}}
{"ts":1698408562228,"action":"FILE_CLOSED","file":"/templates/home/components/upload-file.html","tags":{"FILE_LINE_OF_CODE":"8"}}
{"ts":1698408562228,"action":"FILE_OPENED","file":"/home/new_views.py","tags":{"FILE_LINE_OF_CODE":"62"}}
{"ts":1698408567323,"action":"FILE_CLOSED","file":"/home/new_views.py","tags":{"FILE_LINE_OF_CODE":"62"}}
{"ts":1698408567323,"action":"FILE_OPENED","file":"/home/views.py","tags":{"FILE_LINE_OF_CODE":"413"}}
{"ts":1698408610632,"action":"FILE_CLOSED","file":"/home/views.py","tags":{"FILE_LINE_OF_CODE":"396"}}
{"ts":1698408610632,"action":"FILE_OPENED","file":"/home/forms.py","tags":{"FILE_LINE_OF_CODE":"35"}}
{"ts":1698408612945,"action":"FILE_CLOSED","file":"/home/forms.py","tags":{"FILE_LINE_OF_CODE":"35"}}
{"ts":1698408612945,"action":"FILE_OPENED","file":"/home/urls.py","tags":{"FILE_LINE_OF_CODE":"53"}}
{"ts":1698408628628,"action":"FILE_CLOSED","file":"/home/urls.py","tags":{"FILE_LINE_OF_CODE":"53"}}
{"ts":1698408628628,"action":"FILE_OPENED","file":"/home/new_views.py","tags":{"FILE_LINE_OF_CODE":"62"}}
{"ts":1698408727642,"action":"IDE_DEACTIVATED"}
{"ts":1698408729161,"action":"IDE_ACTIVATED"}
{"ts":1698408900615,"action":"FILE_CLOSED","file":"/home/new_views.py","tags":{"FILE_LINE_OF_CODE":"116"}}
{"ts":1698408900615,"action":"FILE_OPENED","file":"/home/views.py","tags":{"FILE_LINE_OF_CODE":"396"}}
{"ts":1698408923881,"action":"FILE_CLOSED","file":"/home/views.py","tags":{"FILE_LINE_OF_CODE":"396"}}
{"ts":1698408923881,"action":"FILE_OPENED","file":"/home/urls.py","tags":{"FILE_LINE_OF_CODE":"53"}}
{"ts":1698408924969,"action":"FILE_CLOSED","file":"/home/urls.py","tags":{"FILE_LINE_OF_CODE":"53"}}
{"ts":1698408924969,"action":"FILE_OPENED","file":"/home/forms.py","tags":{"FILE_LINE_OF_CODE":"35"}}
{"ts":1698408925909,"action":"FILE_CLOSED","file":"/home/forms.py","tags":{"FILE_LINE_OF_CODE":"35"}}
{"ts":1698408925909,"action":"FILE_OPENED","file":"/home/models.py","tags":{"FILE_LINE_OF_CODE":"78"}}
{"ts":1698408927324,"action":"FILE_CLOSED","file":"/home/models.py","tags":{"FILE_LINE_OF_CODE":"78"}}
{"ts":1698408927324,"action":"FILE_OPENED","file":"/home/new_views.py","tags":{"FILE_LINE_OF_CODE":"116"}}
{"ts":1698409137842,"action":"IDE_DEACTIVATED"}
{"ts":1698409138605,"action":"IDE_ACTIVATED"}
{"ts":1698409168228,"action":"IDE_DEACTIVATED"}
{"ts":1698409185033,"action":"IDE_ACTIVATED"}
{"ts":1698409185996,"action":"IDE_DEACTIVATED"}
{"ts":1698409190432,"action":"IDE_ACTIVATED"}
{"ts":1698409195484,"action":"IDE_DEACTIVATED"}
{"ts":1698409196111,"action":"IDE_ACTIVATED"}
{"ts":1698409197685,"action":"IDE_DEACTIVATED"}
{"ts":1698409212686,"action":"IDE_ACTIVATED"}
{"ts":1698409345327,"action":"IDE_DEACTIVATED"}
{"ts":1698409355501,"action":"IDE_ACTIVATED"}
{"ts":1698409401980,"action":"IDE_DEACTIVATED"}
{"ts":1698409413459,"action":"IDE_ACTIVATED"}
{"ts":1698409419834,"action":"IDE_DEACTIVATED"}
{"ts":1698409423542,"action":"IDE_ACTIVATED"}
{"ts":1698409438525,"action":"IDE_DEACTIVATED"}
